#
# There is insufficient memory for the Java Runtime Environment to continue.
# Native memory allocation (malloc) failed to allocate 46096 bytes for Chunk::new
# Possible reasons:
#   The system is out of physical RAM or swap space
#   In 32 bit mode, the process size limit was hit
# Possible solutions:
#   Reduce memory load on the system
#   Increase physical memory or swap space
#   Check if swap backing store is full
#   Use 64 bit Java on a 64 bit OS
#   Decrease Java heap size (-Xmx/-Xms)
#   Decrease number of Java threads
#   Decrease Java thread stack sizes (-Xss)
#   Set larger code cache with -XX:ReservedCodeCacheSize=
# This output file may be truncated or incomplete.
#
#  Out of Memory Error (allocation.cpp:390), pid=17288, tid=0x0000000000004bec
#
# JRE version: OpenJDK Runtime Environment (8.0_152-b01) (build 1.8.0_152-release-1248-b01)
# Java VM: OpenJDK 64-Bit Server VM (25.152-b01 mixed mode windows-amd64 compressed oops)
# Failed to write core dump. Minidumps are not enabled by default on client versions of Windows
#

---------------  T H R E A D  ---------------

Current thread (0x00000000180c9000):  JavaThread "C2 CompilerThread2" daemon [_thread_in_native, id=19436, stack(0x0000000018ac0000,0x0000000018bc0000)]

Stack: [0x0000000018ac0000,0x0000000018bc0000]
[error occurred during error reporting (printing stack bounds), id 0xc0000005]

Native frames: (J=compiled Java code, j=interpreted, Vv=VM code, C=native code)


Current CompileTask:
C2:   5409 3317       4       org.objectweb.asm.Type::getArgumentTypes (152 bytes)


---------------  P R O C E S S  ---------------

Java Threads: ( => current thread )
  0x000000001d6d9800 JavaThread "Build operations Thread 8" [_thread_blocked, id=18552, stack(0x00000000228e0000,0x00000000229e0000)]
  0x000000001d6d6000 JavaThread "Build operations Thread 7" [_thread_blocked, id=6836, stack(0x00000000227e0000,0x00000000228e0000)]
  0x000000001d6d2000 JavaThread "Build operations Thread 6" [_thread_blocked, id=8228, stack(0x00000000226e0000,0x00000000227e0000)]
  0x000000001d6d8000 JavaThread "Build operations Thread 5" [_thread_blocked, id=10584, stack(0x00000000225e0000,0x00000000226e0000)]
  0x000000001d6d3000 JavaThread "Build operations Thread 4" [_thread_blocked, id=8036, stack(0x00000000224e0000,0x00000000225e0000)]
  0x000000001d6d9000 JavaThread "Build operations Thread 3" [_thread_blocked, id=19392, stack(0x00000000223e0000,0x00000000224e0000)]
  0x000000001d2c8800 JavaThread "Build operations Thread 2" [_thread_blocked, id=10112, stack(0x0000000021a10000,0x0000000021b10000)]
  0x000000001d2c8000 JavaThread "Build operations" [_thread_blocked, id=20096, stack(0x00000000206c0000,0x00000000207c0000)]
  0x000000001d2c3000 JavaThread "Cache worker for Artifact transforms cache (C:\Users\12\.gradle\caches\transforms-1)" [_thread_blocked, id=168, stack(0x000000001f510000,0x000000001f610000)]
  0x000000001d2c5800 JavaThread "Cache worker for cache directory md-rule (C:\Users\12\.gradle\caches\4.10.1\md-rule)" [_thread_blocked, id=22160, stack(0x000000001f410000,0x000000001f510000)]
  0x000000001d2c4800 JavaThread "Cache worker for cache directory md-supplier (C:\Users\12\.gradle\caches\4.10.1\md-supplier)" [_thread_blocked, id=16956, stack(0x000000001dee0000,0x000000001dfe0000)]
  0x000000001d2c9800 JavaThread "Cache worker for journal cache (C:\Users\12\.gradle\caches\journal-1)" [_thread_blocked, id=12720, stack(0x000000001dbe0000,0x000000001dce0000)]
  0x000000001b30c800 JavaThread "Cache worker for file hash cache (C:\Users\12\OCR\.gradle\4.10.1\fileHashes)" [_thread_blocked, id=6436, stack(0x000000001cb10000,0x000000001cc10000)]
  0x000000001aa3d800 JavaThread "File lock request listener" [_thread_in_native, id=12976, stack(0x000000001ca10000,0x000000001cb10000)]
  0x000000001a3e5800 JavaThread "Cache worker for file hash cache (C:\Users\12\.gradle\caches\4.10.1\fileHashes)" [_thread_blocked, id=10048, stack(0x000000001c910000,0x000000001ca10000)]
  0x000000001a06f000 JavaThread "Stdin handler" [_thread_blocked, id=22540, stack(0x000000001c610000,0x000000001c710000)]
  0x000000001a06e000 JavaThread "Asynchronous log dispatcher for DefaultDaemonConnection: socket connection from /127.0.0.1:56271 to /127.0.0.1:56272" [_thread_blocked, id=13892, stack(0x000000001c510000,0x000000001c610000)]
  0x0000000019fff000 JavaThread "Daemon worker" [_thread_in_Java, id=22936, stack(0x000000001c410000,0x000000001c510000)]
  0x000000001a758000 JavaThread "Cancel handler" [_thread_blocked, id=15616, stack(0x000000001c310000,0x000000001c410000)]
  0x000000001a18f800 JavaThread "Handler for socket connection from /127.0.0.1:56271 to /127.0.0.1:56272" [_thread_in_native, id=18732, stack(0x000000001c010000,0x000000001c110000)]
  0x000000001a175000 JavaThread "Daemon" [_thread_blocked, id=1296, stack(0x000000001bf10000,0x000000001c010000)]
  0x0000000019ce4800 JavaThread "Daemon periodic checks" [_thread_blocked, id=7984, stack(0x000000001be10000,0x000000001bf10000)]
  0x000000001a001000 JavaThread "Incoming local TCP Connector on port 56271" [_thread_in_native, id=6248, stack(0x000000001bba0000,0x000000001bca0000)]
  0x0000000018159800 JavaThread "Service Thread" daemon [_thread_blocked, id=17140, stack(0x0000000018cc0000,0x0000000018dc0000)]
  0x00000000180cc800 JavaThread "C1 CompilerThread3" daemon [_thread_in_native, id=17872, stack(0x0000000018bc0000,0x0000000018cc0000)]
=>0x00000000180c9000 JavaThread "C2 CompilerThread2" daemon [_thread_in_native, id=19436, stack(0x0000000018ac0000,0x0000000018bc0000)]
  0x00000000180c5800 JavaThread "C2 CompilerThread1" daemon [_thread_blocked, id=18308, stack(0x00000000189c0000,0x0000000018ac0000)]
  0x00000000180bb000 JavaThread "C2 CompilerThread0" daemon [_thread_in_native, id=18556, stack(0x00000000188c0000,0x00000000189c0000)]
  0x00000000180b8000 JavaThread "Attach Listener" daemon [_thread_blocked, id=21928, stack(0x00000000187c0000,0x00000000188c0000)]
  0x00000000180b7000 JavaThread "Signal Dispatcher" daemon [_thread_blocked, id=19952, stack(0x00000000186c0000,0x00000000187c0000)]
  0x00000000180b0800 JavaThread "Finalizer" daemon [_thread_blocked, id=12304, stack(0x0000000018490000,0x0000000018590000)]
  0x00000000161ac800 JavaThread "Reference Handler" daemon [_thread_blocked, id=22520, stack(0x0000000017f90000,0x0000000018090000)]
  0x00000000022ee000 JavaThread "main" [_thread_blocked, id=8072, stack(0x00000000021b0000,0x00000000022b0000)]

Other Threads:
  0x00000000161a6000 VMThread [stack: 0x0000000017e90000,0x0000000017f90000] [id=2648]
  0x000000001815a800 WatcherThread [stack: 0x0000000018dc0000,0x0000000018ec0000] [id=20336]

VM state:not at safepoint (normal execution)

VM Mutex/Monitor currently owned by a thread: None

Heap:
 PSYoungGen      total 108544K, used 21350K [0x00000000e0000000, 0x00000000e7800000, 0x0000000100000000)
  eden space 96256K, 22% used [0x00000000e0000000,0x00000000e14d9ba0,0x00000000e5e00000)
  from space 12288K, 0% used [0x00000000e6a00000,0x00000000e6a00000,0x00000000e7600000)
  to   space 12288K, 0% used [0x00000000e5e00000,0x00000000e5e00000,0x00000000e6a00000)
 ParOldGen       total 179200K, used 16988K [0x00000000a0000000, 0x00000000aaf00000, 0x00000000e0000000)
  object space 179200K, 9% used [0x00000000a0000000,0x00000000a1097160,0x00000000aaf00000)
 Metaspace       used 37683K, capacity 38478K, committed 38784K, reserved 1083392K
  class space    used 5191K, capacity 5451K, committed 5504K, reserved 1048576K

Card table byte_map: [0x00000000117b0000,0x0000000011ac0000] byte_map_base: 0x00000000112b0000

Marking Bits: (ParMarkBitMap*) 0x0000000075bf5aa0
 Begin Bits: [0x00000000124c0000, 0x0000000013cc0000)
 End Bits:   [0x0000000013cc0000, 0x00000000154c0000)

Polling page: 0x00000000004f0000

CodeCache: size=245760Kb used=10819Kb max_used=11562Kb free=234940Kb
 bounds [0x00000000023f0000, 0x0000000002f50000, 0x00000000113f0000]
 total_blobs=3788 nmethods=3071 adapters=630
 compilation: enabled

Compilation events (10 events):
Event: 5.391 Thread 0x00000000180cc800 3310       3       java.util.HashMap::removeNode (291 bytes)
Event: 5.391 Thread 0x00000000180cc800 nmethod 3310 0x00000000025ae990 code [0x00000000025aebe0, 0x00000000025afe18]
Event: 5.392 Thread 0x00000000180cc800 3311       1       java.nio.Buffer::remaining (10 bytes)
Event: 5.392 Thread 0x00000000180cc800 nmethod 3311 0x00000000025e28d0 code [0x00000000025e2a20, 0x00000000025e2b30]
Event: 5.394 Thread 0x00000000180c5800 3312       4       java.io.Bits::putInt (36 bytes)
Event: 5.395 Thread 0x00000000180c5800 nmethod 3312 0x00000000026e62d0 code [0x00000000026e6400, 0x00000000026e64d8]
Event: 5.395 Thread 0x00000000180cc800 3313       3       org.objectweb.asm.ClassReader::readCode (5071 bytes)
Event: 5.395 Thread 0x00000000180c5800 3314       4       org.objectweb.asm.ClassReader::readUTF (161 bytes)
Event: 5.399 Thread 0x00000000180c9000 3317       4       org.objectweb.asm.Type::getArgumentTypes (152 bytes)
Event: 5.401 Thread 0x00000000180c5800 nmethod 3314 0x00000000025b1ad0 code [0x00000000025b1c40, 0x00000000025b21f8]

GC Heap History (10 events):
Event: 3.262 GC heap before
{Heap before GC invocations=4 (full 1):
 PSYoungGen      total 74752K, used 10216K [0x00000000e0000000, 0x00000000e5300000, 0x0000000100000000)
  eden space 64512K, 0% used [0x00000000e0000000,0x00000000e0000000,0x00000000e3f00000)
  from space 10240K, 99% used [0x00000000e3f00000,0x00000000e48fa320,0x00000000e4900000)
  to   space 10240K, 0% used [0x00000000e4900000,0x00000000e4900000,0x00000000e5300000)
 ParOldGen       total 171008K, used 735K [0x00000000a0000000, 0x00000000aa700000, 0x00000000e0000000)
  object space 171008K, 0% used [0x00000000a0000000,0x00000000a00b7c00,0x00000000aa700000)
 Metaspace       used 20645K, capacity 21128K, committed 21296K, reserved 1067008K
  class space    used 2906K, capacity 3091K, committed 3200K, reserved 1048576K
Event: 3.296 GC heap after
Heap after GC invocations=4 (full 1):
 PSYoungGen      total 74752K, used 0K [0x00000000e0000000, 0x00000000e5300000, 0x0000000100000000)
  eden space 64512K, 0% used [0x00000000e0000000,0x00000000e0000000,0x00000000e3f00000)
  from space 10240K, 0% used [0x00000000e3f00000,0x00000000e3f00000,0x00000000e4900000)
  to   space 10240K, 0% used [0x00000000e4900000,0x00000000e4900000,0x00000000e5300000)
 ParOldGen       total 110080K, used 10103K [0x00000000a0000000, 0x00000000a6b80000, 0x00000000e0000000)
  object space 110080K, 9% used [0x00000000a0000000,0x00000000a09ddfe0,0x00000000a6b80000)
 Metaspace       used 20645K, capacity 21128K, committed 21296K, reserved 1067008K
  class space    used 2906K, capacity 3091K, committed 3200K, reserved 1048576K
}
Event: 3.918 GC heap before
{Heap before GC invocations=5 (full 1):
 PSYoungGen      total 74752K, used 64512K [0x00000000e0000000, 0x00000000e5300000, 0x0000000100000000)
  eden space 64512K, 100% used [0x00000000e0000000,0x00000000e3f00000,0x00000000e3f00000)
  from space 10240K, 0% used [0x00000000e3f00000,0x00000000e3f00000,0x00000000e4900000)
  to   space 10240K, 0% used [0x00000000e4900000,0x00000000e4900000,0x00000000e5300000)
 ParOldGen       total 110080K, used 10103K [0x00000000a0000000, 0x00000000a6b80000, 0x00000000e0000000)
  object space 110080K, 9% used [0x00000000a0000000,0x00000000a09ddfe0,0x00000000a6b80000)
 Metaspace       used 26659K, capacity 27154K, committed 27264K, reserved 1073152K
  class space    used 3720K, capacity 3902K, committed 3968K, reserved 1048576K
Event: 3.924 GC heap after
Heap after GC invocations=5 (full 1):
 PSYoungGen      total 74752K, used 6421K [0x00000000e0000000, 0x00000000e7100000, 0x0000000100000000)
  eden space 64512K, 0% used [0x00000000e0000000,0x00000000e0000000,0x00000000e3f00000)
  from space 10240K, 62% used [0x00000000e4900000,0x00000000e4f455e8,0x00000000e5300000)
  to   space 10240K, 0% used [0x00000000e3f00000,0x00000000e3f00000,0x00000000e4900000)
 ParOldGen       total 110080K, used 10111K [0x00000000a0000000, 0x00000000a6b80000, 0x00000000e0000000)
  object space 110080K, 9% used [0x00000000a0000000,0x00000000a09dffe0,0x00000000a6b80000)
 Metaspace       used 26659K, capacity 27154K, committed 27264K, reserved 1073152K
  class space    used 3720K, capacity 3902K, committed 3968K, reserved 1048576K
}
Event: 4.538 GC heap before
{Heap before GC invocations=6 (full 1):
 PSYoungGen      total 74752K, used 70933K [0x00000000e0000000, 0x00000000e7100000, 0x0000000100000000)
  eden space 64512K, 100% used [0x00000000e0000000,0x00000000e3f00000,0x00000000e3f00000)
  from space 10240K, 62% used [0x00000000e4900000,0x00000000e4f455e8,0x00000000e5300000)
  to   space 10240K, 0% used [0x00000000e3f00000,0x00000000e3f00000,0x00000000e4900000)
 ParOldGen       total 110080K, used 10111K [0x00000000a0000000, 0x00000000a6b80000, 0x00000000e0000000)
  object space 110080K, 9% used [0x00000000a0000000,0x00000000a09dffe0,0x00000000a6b80000)
 Metaspace       used 30690K, capacity 31282K, committed 31488K, reserved 1077248K
  class space    used 4298K, capacity 4504K, committed 4608K, reserved 1048576K
Event: 4.545 GC heap after
Heap after GC invocations=6 (full 1):
 PSYoungGen      total 74752K, used 9151K [0x00000000e0000000, 0x00000000e7600000, 0x0000000100000000)
  eden space 64512K, 0% used [0x00000000e0000000,0x00000000e0000000,0x00000000e3f00000)
  from space 10240K, 89% used [0x00000000e3f00000,0x00000000e47eff88,0x00000000e4900000)
  to   space 12288K, 0% used [0x00000000e6a00000,0x00000000e6a00000,0x00000000e7600000)
 ParOldGen       total 110080K, used 10119K [0x00000000a0000000, 0x00000000a6b80000, 0x00000000e0000000)
  object space 110080K, 9% used [0x00000000a0000000,0x00000000a09e1fe0,0x00000000a6b80000)
 Metaspace       used 30690K, capacity 31282K, committed 31488K, reserved 1077248K
  class space    used 4298K, capacity 4504K, committed 4608K, reserved 1048576K
}
Event: 5.154 GC heap before
{Heap before GC invocations=7 (full 1):
 PSYoungGen      total 74752K, used 47726K [0x00000000e0000000, 0x00000000e7600000, 0x0000000100000000)
  eden space 64512K, 59% used [0x00000000e0000000,0x00000000e25ab900,0x00000000e3f00000)
  from space 10240K, 89% used [0x00000000e3f00000,0x00000000e47eff88,0x00000000e4900000)
  to   space 12288K, 0% used [0x00000000e6a00000,0x00000000e6a00000,0x00000000e7600000)
 ParOldGen       total 110080K, used 10119K [0x00000000a0000000, 0x00000000a6b80000, 0x00000000e0000000)
  object space 110080K, 9% used [0x00000000a0000000,0x00000000a09e1fe0,0x00000000a6b80000)
 Metaspace       used 34785K, capacity 35476K, committed 35496K, reserved 1079296K
  class space    used 4864K, capacity 5114K, committed 5120K, reserved 1048576K
Event: 5.163 GC heap after
Heap after GC invocations=7 (full 1):
 PSYoungGen      total 108544K, used 10011K [0x00000000e0000000, 0x00000000e7800000, 0x0000000100000000)
  eden space 96256K, 0% used [0x00000000e0000000,0x00000000e0000000,0x00000000e5e00000)
  from space 12288K, 81% used [0x00000000e6a00000,0x00000000e73c6d20,0x00000000e7600000)
  to   space 12288K, 0% used [0x00000000e5e00000,0x00000000e5e00000,0x00000000e6a00000)
 ParOldGen       total 110080K, used 10127K [0x00000000a0000000, 0x00000000a6b80000, 0x00000000e0000000)
  object space 110080K, 9% used [0x00000000a0000000,0x00000000a09e3fe0,0x00000000a6b80000)
 Metaspace       used 34785K, capacity 35476K, committed 35496K, reserved 1079296K
  class space    used 4864K, capacity 5114K, committed 5120K, reserved 1048576K
}
Event: 5.163 GC heap before
{Heap before GC invocations=8 (full 2):
 PSYoungGen      total 108544K, used 10011K [0x00000000e0000000, 0x00000000e7800000, 0x0000000100000000)
  eden space 96256K, 0% used [0x00000000e0000000,0x00000000e0000000,0x00000000e5e00000)
  from space 12288K, 81% used [0x00000000e6a00000,0x00000000e73c6d20,0x00000000e7600000)
  to   space 12288K, 0% used [0x00000000e5e00000,0x00000000e5e00000,0x00000000e6a00000)
 ParOldGen       total 110080K, used 10127K [0x00000000a0000000, 0x00000000a6b80000, 0x00000000e0000000)
  object space 110080K, 9% used [0x00000000a0000000,0x00000000a09e3fe0,0x00000000a6b80000)
 Metaspace       used 34785K, capacity 35476K, committed 35496K, reserved 1079296K
  class space    used 4864K, capacity 5114K, committed 5120K, reserved 1048576K
Event: 5.213 GC heap after
Heap after GC invocations=8 (full 2):
 PSYoungGen      total 108544K, used 0K [0x00000000e0000000, 0x00000000e7800000, 0x0000000100000000)
  eden space 96256K, 0% used [0x00000000e0000000,0x00000000e0000000,0x00000000e5e00000)
  from space 12288K, 0% used [0x00000000e6a00000,0x00000000e6a00000,0x00000000e7600000)
  to   space 12288K, 0% used [0x00000000e5e00000,0x00000000e5e00000,0x00000000e6a00000)
 ParOldGen       total 179200K, used 16988K [0x00000000a0000000, 0x00000000aaf00000, 0x00000000e0000000)
  object space 179200K, 9% used [0x00000000a0000000,0x00000000a1097160,0x00000000aaf00000)
 Metaspace       used 34785K, capacity 35476K, committed 35496K, reserved 1079296K
  class space    used 4864K, capacity 5114K, committed 5120K, reserved 1048576K
}

Deoptimization events (10 events):
Event: 4.394 Thread 0x0000000019fff000 Uncommon trap: reason=unstable_if action=reinterpret pc=0x0000000002ce1034 method=org.codehaus.groovy.runtime.metaclass.MetaMethodIndex.addMethodToList(Ljava/lang/Object;Lgroovy/lang/MetaMethod;)Ljava/lang/Object; @ 226
Event: 4.437 Thread 0x0000000019fff000 Uncommon trap: reason=range_check action=make_not_entrant pc=0x0000000002d4eab4 method=java.lang.String.charAt(I)C @ 27
Event: 4.570 Thread 0x0000000019fff000 Uncommon trap: reason=unstable_if action=reinterpret pc=0x0000000002d9738c method=java.util.concurrent.ConcurrentHashMap.get(Ljava/lang/Object;)Ljava/lang/Object; @ 76
Event: 4.570 Thread 0x0000000019fff000 Uncommon trap: reason=class_check action=maybe_recompile pc=0x000000000291ea60 method=java.util.concurrent.ConcurrentHashMap.putVal(Ljava/lang/Object;Ljava/lang/Object;Z)Ljava/lang/Object; @ 192
Event: 4.588 Thread 0x0000000019fff000 Uncommon trap: reason=class_check action=maybe_recompile pc=0x000000000291ea60 method=java.util.concurrent.ConcurrentHashMap.putVal(Ljava/lang/Object;Ljava/lang/Object;Z)Ljava/lang/Object; @ 192
Event: 4.597 Thread 0x0000000019fff000 Uncommon trap: reason=class_check action=maybe_recompile pc=0x000000000291ea60 method=java.util.concurrent.ConcurrentHashMap.putVal(Ljava/lang/Object;Ljava/lang/Object;Z)Ljava/lang/Object; @ 192
Event: 4.597 Thread 0x0000000019fff000 Uncommon trap: reason=class_check action=maybe_recompile pc=0x000000000291ea60 method=java.util.concurrent.ConcurrentHashMap.putVal(Ljava/lang/Object;Ljava/lang/Object;Z)Ljava/lang/Object; @ 192
Event: 4.648 Thread 0x000000001d6d8000 Uncommon trap: reason=unstable_if action=reinterpret pc=0x0000000002875f9c method=java.util.concurrent.ConcurrentHashMap.addCount(JI)V @ 34
Event: 5.045 Thread 0x0000000019fff000 Uncommon trap: reason=predicate action=maybe_recompile pc=0x0000000002d40028 method=java.util.Arrays.binarySearch0([Ljava/lang/Object;IILjava/lang/Object;Ljava/util/Comparator;)I @ 28
Event: 5.077 Thread 0x0000000019fff000 Uncommon trap: reason=unstable_if action=reinterpret pc=0x0000000002ece74c method=java.security.CodeSource.hashCode()I @ 4

Classes redefined (0 events):
No events

Internal exceptions (10 events):
Event: 4.856 Thread 0x0000000019fff000 Exception <a 'java/lang/ClassNotFoundException': org/gradle/api/internal/AbstractTaskBeanInfo> (0x00000000e13d8f70) thrown at [D:\src\AOSP-openjdk-cygwin\jdk8u\hotspot\src\share\vm\classfile\systemDictionary.cpp, line 210]
Event: 4.857 Thread 0x0000000019fff000 Exception <a 'java/lang/ClassNotFoundException': org/gradle/api/internal/AbstractTaskCustomizer> (0x00000000e1406e20) thrown at [D:\src\AOSP-openjdk-cygwin\jdk8u\hotspot\src\share\vm\classfile\systemDictionary.cpp, line 210]
Event: 4.860 Thread 0x0000000019fff000 Exception <a 'java/lang/ClassNotFoundException': org/gradle/api/DefaultTaskCustomizer> (0x00000000e1494590) thrown at [D:\src\AOSP-openjdk-cygwin\jdk8u\hotspot\src\share\vm\classfile\systemDictionary.cpp, line 210]
Event: 4.862 Thread 0x0000000019fff000 Exception <a 'java/lang/ClassNotFoundException': org/gradle/api/internal/ConventionTaskCustomizer> (0x00000000e14d2a90) thrown at [D:\src\AOSP-openjdk-cygwin\jdk8u\hotspot\src\share\vm\classfile\systemDictionary.cpp, line 210]
Event: 4.863 Thread 0x0000000019fff000 Exception <a 'java/lang/ClassNotFoundException': org/gradle/api/tasks/DeleteCustomizer> (0x00000000e150e4d0) thrown at [D:\src\AOSP-openjdk-cygwin\jdk8u\hotspot\src\share\vm\classfile\systemDictionary.cpp, line 210]
Event: 4.865 Thread 0x0000000019fff000 Exception <a 'java/lang/ClassNotFoundException': org/gradle/api/tasks/Delete_DecoratedCustomizer> (0x00000000e15585d0) thrown at [D:\src\AOSP-openjdk-cygwin\jdk8u\hotspot\src\share\vm\classfile\systemDictionary.cpp, line 210]
Event: 4.900 Thread 0x0000000019fff000 Exception <a 'java/lang/ClassNotFoundException': build_eurgm1ysdsd5hj0off7w4odh4BeanInfo> (0x00000000e16a4f08) thrown at [D:\src\AOSP-openjdk-cygwin\jdk8u\hotspot\src\share\vm\classfile\systemDictionary.cpp, line 210]
Event: 4.900 Thread 0x0000000019fff000 Exception <a 'java/lang/ClassNotFoundException': build_eurgm1ysdsd5hj0off7w4odh4Customizer> (0x00000000e16afbf0) thrown at [D:\src\AOSP-openjdk-cygwin\jdk8u\hotspot\src\share\vm\classfile\systemDictionary.cpp, line 210]
Event: 5.077 Thread 0x0000000019fff000 Implicit null exception at 0x0000000002ece455 to 0x0000000002ece73d
Event: 5.352 Thread 0x0000000019fff000 Exception <a 'sun/nio/fs/WindowsException'> (0x00000000e0dcf428) thrown at [D:\src\AOSP-openjdk-cygwin\jdk8u\hotspot\src\share\vm\prims\jni.cpp, line 709]

Events (10 events):
Event: 5.406 loading class org/gradle/api/plugins/JavaBasePlugin$12
Event: 5.406 loading class org/gradle/api/plugins/JavaBasePlugin$12 done
Event: 5.406 loading class org/gradle/api/tasks/testing/Test
Event: 5.406 loading class org/gradle/api/tasks/testing/Test done
Event: 5.407 loading class org/gradle/api/tasks/testing/AbstractTestTask
Event: 5.407 loading class org/gradle/api/tasks/testing/AbstractTestTask done
Event: 5.408 loading class org/gradle/api/tasks/VerificationTask
Event: 5.408 loading class org/gradle/api/tasks/VerificationTask done
Event: 5.408 loading class org/gradle/api/reporting/Reporting
Event: 5.408 loading class org/gradle/api/reporting/Reporting done


Dynamic libraries:
0x00007ff668c80000 - 0x00007ff668cb1000 	C:\Program Files\Android\Android Studio\jre\bin\java.exe
0x00007ffb193c0000 - 0x00007ffb195b0000 	C:\WINDOWS\SYSTEM32\ntdll.dll
0x00007ffb17470000 - 0x00007ffb17522000 	C:\WINDOWS\System32\KERNEL32.DLL
0x00007ffb16420000 - 0x00007ffb166c3000 	C:\WINDOWS\System32\KERNELBASE.dll
0x00007ffb18a30000 - 0x00007ffb18ad3000 	C:\WINDOWS\System32\ADVAPI32.dll
0x00007ffb18470000 - 0x00007ffb1850e000 	C:\WINDOWS\System32\msvcrt.dll
0x00007ffb17d70000 - 0x00007ffb17e07000 	C:\WINDOWS\System32\sechost.dll
0x00007ffb18280000 - 0x00007ffb183a0000 	C:\WINDOWS\System32\RPCRT4.dll
0x00007ffb19030000 - 0x00007ffb191c4000 	C:\WINDOWS\System32\USER32.dll
0x00007ffb17420000 - 0x00007ffb17441000 	C:\WINDOWS\System32\win32u.dll
0x00007ffb17d00000 - 0x00007ffb17d26000 	C:\WINDOWS\System32\GDI32.dll
0x00007ffb166d0000 - 0x00007ffb16864000 	C:\WINDOWS\System32\gdi32full.dll
0x00007ffb169c0000 - 0x00007ffb16a5e000 	C:\WINDOWS\System32\msvcp_win.dll
0x00007ffb16b10000 - 0x00007ffb16c0a000 	C:\WINDOWS\System32\ucrtbase.dll
0x00007ffb04750000 - 0x00007ffb049d5000 	C:\WINDOWS\WinSxS\amd64_microsoft.windows.common-controls_6595b64144ccf1df_6.0.18362.657_none_e6c5b579130e3898\COMCTL32.dll
0x00007ffb18cf0000 - 0x00007ffb19026000 	C:\WINDOWS\System32\combase.dll
0x00007ffb16350000 - 0x00007ffb163d0000 	C:\WINDOWS\System32\bcryptPrimitives.dll
0x00007ffb17d30000 - 0x00007ffb17d5e000 	C:\WINDOWS\System32\IMM32.DLL
0x00000000745f0000 - 0x00000000746c2000 	C:\Program Files\Android\Android Studio\jre\jre\bin\msvcr100.dll
0x0000000075430000 - 0x0000000075c71000 	C:\Program Files\Android\Android Studio\jre\jre\bin\server\jvm.dll
0x00007ffb17d60000 - 0x00007ffb17d68000 	C:\WINDOWS\System32\PSAPI.DLL
0x00007ffb06ea0000 - 0x00007ffb06ea9000 	C:\WINDOWS\SYSTEM32\WSOCK32.dll
0x00007ffb11100000 - 0x00007ffb11124000 	C:\WINDOWS\SYSTEM32\WINMM.dll
0x00007ffb14bc0000 - 0x00007ffb14bca000 	C:\WINDOWS\SYSTEM32\VERSION.dll
0x00007ffb18400000 - 0x00007ffb1846f000 	C:\WINDOWS\System32\WS2_32.dll
0x00007ffb110d0000 - 0x00007ffb110fd000 	C:\WINDOWS\SYSTEM32\winmmbase.dll
0x00007ffb163d0000 - 0x00007ffb1641a000 	C:\WINDOWS\System32\cfgmgr32.dll
0x00007ffb06d70000 - 0x00007ffb06d7f000 	C:\Program Files\Android\Android Studio\jre\jre\bin\verify.dll
0x00007ffaf8f60000 - 0x00007ffaf8f89000 	C:\Program Files\Android\Android Studio\jre\jre\bin\java.dll
0x00007ffafec30000 - 0x00007ffafec46000 	C:\Program Files\Android\Android Studio\jre\jre\bin\zip.dll
0x00007ffb175b0000 - 0x00007ffb17c95000 	C:\WINDOWS\System32\SHELL32.dll
0x00007ffb18b70000 - 0x00007ffb18c19000 	C:\WINDOWS\System32\shcore.dll
0x00007ffb16c40000 - 0x00007ffb173bf000 	C:\WINDOWS\System32\windows.storage.dll
0x00007ffb16310000 - 0x00007ffb1632f000 	C:\WINDOWS\System32\profapi.dll
0x00007ffb162c0000 - 0x00007ffb1630a000 	C:\WINDOWS\System32\powrprof.dll
0x00007ffb16290000 - 0x00007ffb162a0000 	C:\WINDOWS\System32\UMPDC.dll
0x00007ffb17ca0000 - 0x00007ffb17cf2000 	C:\WINDOWS\System32\shlwapi.dll
0x00007ffb16330000 - 0x00007ffb16341000 	C:\WINDOWS\System32\kernel.appcore.dll
0x00007ffb17450000 - 0x00007ffb17467000 	C:\WINDOWS\System32\cryptsp.dll
0x00007ffafe3b0000 - 0x00007ffafe3ca000 	C:\Program Files\Android\Android Studio\jre\jre\bin\net.dll
0x00007ffb15ab0000 - 0x00007ffb15b17000 	C:\WINDOWS\system32\mswsock.dll
0x00007ffafcb80000 - 0x00007ffafcb91000 	C:\Program Files\Android\Android Studio\jre\jre\bin\nio.dll
0x00007ffafc930000 - 0x00007ffafc94e000 	C:\Users\12\.gradle\native\25\windows-amd64\native-platform.dll
0x00007ffb03f50000 - 0x00007ffb03f5d000 	C:\Program Files\Android\Android Studio\jre\jre\bin\management.dll
0x00007ffb15630000 - 0x00007ffb15663000 	C:\WINDOWS\system32\rsaenh.dll
0x00007ffb16c10000 - 0x00007ffb16c36000 	C:\WINDOWS\System32\bcrypt.dll
0x00007ffb161b0000 - 0x00007ffb161d5000 	C:\WINDOWS\SYSTEM32\USERENV.dll
0x00007ffb15c30000 - 0x00007ffb15c3c000 	C:\WINDOWS\SYSTEM32\CRYPTBASE.dll
0x00007ffb157d0000 - 0x00007ffb1580a000 	C:\WINDOWS\SYSTEM32\IPHLPAPI.DLL
0x00007ffb18b00000 - 0x00007ffb18b08000 	C:\WINDOWS\System32\NSI.dll
0x00007ffb0e920000 - 0x00007ffb0e936000 	C:\WINDOWS\SYSTEM32\dhcpcsvc6.DLL
0x00007ffb0e900000 - 0x00007ffb0e91c000 	C:\WINDOWS\SYSTEM32\dhcpcsvc.DLL
0x00007ffb15810000 - 0x00007ffb158da000 	C:\WINDOWS\SYSTEM32\DNSAPI.dll

VM Arguments:
jvm_args: -Xmx1536m -Dfile.encoding=windows-1252 -Duser.country=FR -Duser.language=fr -Duser.variant 
java_command: org.gradle.launcher.daemon.bootstrap.GradleDaemon 4.10.1
java_class_path (initial): C:\Users\12\.gradle\wrapper\dists\gradle-4.10.1-all\455itskqi2qtf0v2sja68alqd\gradle-4.10.1\lib\gradle-launcher-4.10.1.jar
Launcher Type: SUN_STANDARD

Environment Variables:
PATH=C:\Program Files (x86)\Common Files\Oracle\Java\javapath;C:\WINDOWS\system32;C:\WINDOWS;C:\WINDOWS\System32\Wbem;C:\WINDOWS\System32\WindowsPowerShell\v1.0\;C:\WINDOWS\System32\OpenSSH\;C:\Program Files\dotnet\;C:\xampp\php;C:\composer;C:\Program Files\nodejs\;C:\Program Files\Git\cmd;C:\Program Files\Git\mingw64\bin;C:\Program Files\Git\usr\bin;C:\HashiCorp\Vagrant\bin;C:\Program Files\Docker\Docker\resources\bin;C:\ProgramData\DockerDesktop\version-bin;C:\Users\12\AppData\Local\Microsoft\WindowsApps;C:\Users\12\AppData\Roaming\Composer\vendor\bin;C:\Users\12\AppData\Local\Programs\Microsoft VS Code\bin;C:\Users\12\AppData\Roaming\npm;C:\Users\12\flutter\bin;C:\Program Files\heroku\bin;C:\Users\12\AppData\Local\GitHubDesktop\bin;C:\Users\12\AppData\Local\Programs\MiKTeX 2.9\miktex\bin\x64\;%USERPROFILE%\AppData\Local\Microsoft\WindowsApps;
USERNAME=12
OS=Windows_NT
PROCESSOR_IDENTIFIER=Intel64 Family 6 Model 60 Stepping 3, GenuineIntel



---------------  S Y S T E M  ---------------

OS: Windows 10.0 , 64 bit Build 18362 (10.0.18362.329)

CPU:total 8 (initial active 8) (4 cores per cpu, 2 threads per core) family 6 model 60 stepping 3, cmov, cx8, fxsr, mmx, sse, sse2, sse3, ssse3, sse4.1, sse4.2, popcnt, avx, avx2, aes, clmul, erms, lzcnt, ht, tsc, tscinvbit, bmi1, bmi2

Memory: 4k page, physical 16376940k(3654952k free), swap 19448940k(5156k free)

vm_info: OpenJDK 64-Bit Server VM (25.152-b01) for windows-amd64 JRE (1.8.0_152-release-1248-b01), built by "builder" with MS VC++ 10.0 (VS2010)

time: Fri Mar 20 14:16:00 2020
elapsed time: 5 seconds (0d 0h 0m 5s)

