#
# There is insufficient memory for the Java Runtime Environment to continue.
# Native memory allocation (malloc) failed to allocate 65552 bytes for Chunk::new
# Possible reasons:
#   The system is out of physical RAM or swap space
#   In 32 bit mode, the process size limit was hit
# Possible solutions:
#   Reduce memory load on the system
#   Increase physical memory or swap space
#   Check if swap backing store is full
#   Use 64 bit Java on a 64 bit OS
#   Decrease Java heap size (-Xmx/-Xms)
#   Decrease number of Java threads
#   Decrease Java thread stack sizes (-Xss)
#   Set larger code cache with -XX:ReservedCodeCacheSize=
# This output file may be truncated or incomplete.
#
#  Out of Memory Error (allocation.cpp:390), pid=11996, tid=0x0000000000001fdc
#
# JRE version: OpenJDK Runtime Environment (8.0_152-b01) (build 1.8.0_152-release-1248-b01)
# Java VM: OpenJDK 64-Bit Server VM (25.152-b01 mixed mode windows-amd64 compressed oops)
# Failed to write core dump. Minidumps are not enabled by default on client versions of Windows
#

---------------  T H R E A D  ---------------

Current thread (0x00000000189a7000):  JavaThread "C2 CompilerThread2" daemon [_thread_in_native, id=8156, stack(0x00000000193a0000,0x00000000194a0000)]

Stack: [0x00000000193a0000,0x00000000194a0000]
[error occurred during error reporting (printing stack bounds), id 0xc0000005]

Native frames: (J=compiled Java code, j=interpreted, Vv=VM code, C=native code)


Current CompileTask:
C2:1860218 12765   !   4       com.sun.org.apache.xerces.internal.parsers.XML11Configuration::setFeature (155 bytes)


---------------  P R O C E S S  ---------------

Java Threads: ( => current thread )
  0x000000001c510800 JavaThread "Cache worker for Build Output Cleanup Cache (C:\Users\12\OCR\.gradle\buildOutputCleanup)" [_thread_blocked, id=15776, stack(0x0000000026160000,0x0000000026260000)]
  0x000000001c50e000 JavaThread "Cache worker for task history cache (C:\Users\12\OCR\.gradle\4.10.1\taskHistory)" [_thread_blocked, id=6372, stack(0x0000000026060000,0x0000000026160000)]
  0x000000001c50d800 JavaThread "Task worker for ':' Thread 7" [_thread_blocked, id=21700, stack(0x0000000025f60000,0x0000000026060000)]
  0x0000000021ed0800 JavaThread "Task worker for ':' Thread 6" [_thread_blocked, id=22744, stack(0x0000000025e60000,0x0000000025f60000)]
  0x0000000021ecf000 JavaThread "Task worker for ':' Thread 5" [_thread_blocked, id=22692, stack(0x0000000025d60000,0x0000000025e60000)]
  0x0000000021ecf800 JavaThread "Task worker for ':' Thread 4" [_thread_blocked, id=12168, stack(0x0000000025c60000,0x0000000025d60000)]
  0x0000000021ece000 JavaThread "Task worker for ':' Thread 3" [_thread_blocked, id=18440, stack(0x0000000025b60000,0x0000000025c60000)]
  0x0000000021ecd800 JavaThread "Task worker for ':' Thread 2" [_thread_blocked, id=19600, stack(0x0000000025a60000,0x0000000025b60000)]
  0x0000000021ec6000 JavaThread "Task worker for ':'" [_thread_in_vm, id=12264, stack(0x0000000025960000,0x0000000025a60000)]
  0x0000000021ec9800 JavaThread "Cache worker for file content cache (C:\Users\12\OCR\.gradle\4.10.1\fileContent)" [_thread_blocked, id=5440, stack(0x0000000025860000,0x0000000025960000)]
  0x0000000021ec9000 JavaThread "Cache worker for file content cache (C:\Users\12\.gradle\caches\4.10.1\fileContent)" [_thread_blocked, id=16900, stack(0x0000000025760000,0x0000000025860000)]
  0x0000000021ec8000 JavaThread "Build operations Thread 8" [_thread_blocked, id=14176, stack(0x0000000024d60000,0x0000000024e60000)]
  0x0000000021ecc800 JavaThread "Build operations Thread 7" [_thread_blocked, id=18600, stack(0x0000000023270000,0x0000000023370000)]
  0x0000000021ec1800 JavaThread "Build operations Thread 6" [_thread_blocked, id=8364, stack(0x0000000023170000,0x0000000023270000)]
  0x0000000021ec6800 JavaThread "Build operations Thread 5" [_thread_blocked, id=16844, stack(0x0000000023070000,0x0000000023170000)]
  0x0000000021ec3800 JavaThread "Build operations Thread 4" [_thread_blocked, id=18016, stack(0x0000000022f70000,0x0000000023070000)]
  0x0000000021ec5000 JavaThread "Build operations Thread 3" [_thread_blocked, id=10940, stack(0x0000000022e70000,0x0000000022f70000)]
  0x0000000021ec3000 JavaThread "Build operations Thread 2" [_thread_blocked, id=3896, stack(0x0000000022d70000,0x0000000022e70000)]
  0x000000001ac24800 JavaThread "Build operations" [_thread_blocked, id=1716, stack(0x0000000020d10000,0x0000000020e10000)]
  0x000000001ac23800 JavaThread "Cache worker for cache directory md-rule (C:\Users\12\.gradle\caches\4.10.1\md-rule)" [_thread_blocked, id=23440, stack(0x0000000020c10000,0x0000000020d10000)]
  0x000000001ac27800 JavaThread "Cache worker for cache directory md-supplier (C:\Users\12\.gradle\caches\4.10.1\md-supplier)" [_thread_blocked, id=12976, stack(0x000000001d3f0000,0x000000001d4f0000)]
  0x000000001ac23000 JavaThread "Cache worker for file hash cache (C:\Users\12\OCR\.gradle\4.10.1\fileHashes)" [_thread_blocked, id=11928, stack(0x000000001bf20000,0x000000001c020000)]
  0x000000001ac26000 JavaThread "Stdin handler" [_thread_blocked, id=18420, stack(0x000000001be20000,0x000000001bf20000)]
  0x000000001ac28000 JavaThread "Asynchronous log dispatcher for DefaultDaemonConnection: socket connection from /127.0.0.1:53549 to /127.0.0.1:54648" [_thread_blocked, id=11584, stack(0x000000001bd20000,0x000000001be20000)]
  0x000000001ac26800 JavaThread "Daemon worker Thread 3" [_thread_blocked, id=18216, stack(0x000000001bc20000,0x000000001bd20000)]
  0x000000001ac29000 JavaThread "Cancel handler" [_thread_blocked, id=11428, stack(0x000000001b920000,0x000000001ba20000)]
  0x000000001ac22000 JavaThread "Handler for socket connection from /127.0.0.1:53549 to /127.0.0.1:54648" [_thread_in_native, id=22644, stack(0x000000001b820000,0x000000001b920000)]
  0x000000001ac25000 JavaThread "Daemon Thread 3" [_thread_blocked, id=19372, stack(0x00000000010e0000,0x00000000011e0000)]
  0x0000000021ec4800 JavaThread "Memory manager" [_thread_blocked, id=16784, stack(0x0000000022a70000,0x0000000022b70000)]
  0x000000001c513800 JavaThread "Cache worker for Artifact transforms cache (C:\Users\12\.gradle\caches\transforms-1)" [_thread_blocked, id=22880, stack(0x0000000020e10000,0x0000000020f10000)]
  0x000000001c511000 JavaThread "Cache worker for journal cache (C:\Users\12\.gradle\caches\journal-1)" [_thread_blocked, id=15336, stack(0x000000001e4c0000,0x000000001e5c0000)]
  0x000000001ab34800 JavaThread "File lock request listener" [_thread_in_native, id=20168, stack(0x000000001d2f0000,0x000000001d3f0000)]
  0x000000001af41000 JavaThread "Cache worker for file hash cache (C:\Users\12\.gradle\caches\4.10.1\fileHashes)" [_thread_blocked, id=14712, stack(0x000000001d1f0000,0x000000001d2f0000)]
  0x000000001a80d800 JavaThread "Daemon periodic checks" [_thread_blocked, id=13760, stack(0x000000001b720000,0x000000001b820000)]
  0x000000001a809000 JavaThread "Incoming local TCP Connector on port 53549" [_thread_in_native, id=14580, stack(0x000000001b4b0000,0x000000001b5b0000)]
  0x0000000018a28800 JavaThread "Service Thread" daemon [_thread_blocked, id=1928, stack(0x00000000195a0000,0x00000000196a0000)]
  0x00000000189af800 JavaThread "C1 CompilerThread3" daemon [_thread_in_native, id=15332, stack(0x00000000194a0000,0x00000000195a0000)]
=>0x00000000189a7000 JavaThread "C2 CompilerThread2" daemon [_thread_in_native, id=8156, stack(0x00000000193a0000,0x00000000194a0000)]
  0x000000001899d800 JavaThread "C2 CompilerThread1" daemon [_thread_in_native, id=14364, stack(0x00000000192a0000,0x00000000193a0000)]
  0x000000001899a800 JavaThread "C2 CompilerThread0" daemon [_thread_in_native, id=17708, stack(0x00000000191a0000,0x00000000192a0000)]
  0x0000000018998000 JavaThread "Attach Listener" daemon [_thread_blocked, id=10384, stack(0x00000000190a0000,0x00000000191a0000)]
  0x0000000018997000 JavaThread "Signal Dispatcher" daemon [_thread_blocked, id=14568, stack(0x0000000018fa0000,0x00000000190a0000)]
  0x0000000002cb9000 JavaThread "Finalizer" daemon [_thread_blocked, id=8760, stack(0x0000000018d70000,0x0000000018e70000)]
  0x0000000002cb6000 JavaThread "Reference Handler" daemon [_thread_blocked, id=23404, stack(0x0000000018870000,0x0000000018970000)]
  0x00000000012ae000 JavaThread "main" [_thread_blocked, id=13252, stack(0x0000000002ac0000,0x0000000002bc0000)]

Other Threads:
  0x0000000016a76000 VMThread [stack: 0x0000000018770000,0x0000000018870000] [id=20780]
  0x0000000018a31000 WatcherThread [stack: 0x00000000196a0000,0x00000000197a0000] [id=16740]

VM state:not at safepoint (normal execution)

VM Mutex/Monitor currently owned by a thread: None

Heap:
 PSYoungGen      total 166400K, used 42130K [0x00000000e0000000, 0x00000000eba80000, 0x0000000100000000)
  eden space 150016K, 17% used [0x00000000e0000000,0x00000000e1947260,0x00000000e9280000)
  from space 16384K, 99% used [0x00000000e9580000,0x00000000ea55d748,0x00000000ea580000)
  to   space 20480K, 0% used [0x00000000ea680000,0x00000000ea680000,0x00000000eba80000)
 ParOldGen       total 256000K, used 30285K [0x00000000a0000000, 0x00000000afa00000, 0x00000000e0000000)
  object space 256000K, 11% used [0x00000000a0000000,0x00000000a1d935c8,0x00000000afa00000)
 Metaspace       used 74674K, capacity 77476K, committed 77656K, reserved 1116160K
  class space    used 9607K, capacity 10280K, committed 10368K, reserved 1048576K

Card table byte_map: [0x0000000012080000,0x0000000012390000] byte_map_base: 0x0000000011b80000

Marking Bits: (ParMarkBitMap*) 0x0000000075bf5aa0
 Begin Bits: [0x0000000012d90000, 0x0000000014590000)
 End Bits:   [0x0000000014590000, 0x0000000015d90000)

Polling page: 0x0000000001270000

CodeCache: size=245760Kb used=36164Kb max_used=36164Kb free=209595Kb
 bounds [0x0000000002cc0000, 0x0000000005050000, 0x0000000011cc0000]
 total_blobs=11504 nmethods=10658 adapters=758
 compilation: enabled

Compilation events (10 events):
Event: 1860.212 Thread 0x00000000189a7000 12765   !   4       com.sun.org.apache.xerces.internal.parsers.XML11Configuration::setFeature (155 bytes)
Event: 1860.215 Thread 0x00000000189af800 12766   !   3       java.lang.StringCoding$StringDecoder::decode (179 bytes)
Event: 1860.216 Thread 0x00000000189af800 nmethod 12766 0x000000000503c510 code [0x000000000503c860, 0x000000000503e518]
Event: 1860.216 Thread 0x00000000189af800 12767       3       com.sun.org.apache.xerces.internal.jaxp.SAXParserFactoryImpl::putInFeatures (43 bytes)
Event: 1860.217 Thread 0x00000000189af800 nmethod 12767 0x000000000503f610 code [0x000000000503f7a0, 0x000000000503fbe8]
Event: 1860.217 Thread 0x00000000189af800 12768       3       com.android.utils.PositionXmlParser$DomBuilder::characters (12 bytes)
Event: 1860.217 Thread 0x00000000189af800 nmethod 12768 0x0000000005039990 code [0x0000000005039b00, 0x0000000005039d68]
Event: 1860.217 Thread 0x00000000189af800 12769       3       com.sun.org.apache.xerces.internal.dom.CoreDocumentImpl::changed (11 bytes)
Event: 1860.217 Thread 0x00000000189af800 nmethod 12769 0x000000000503fd90 code [0x000000000503fee0, 0x0000000005040030]
Event: 1860.217 Thread 0x00000000189af800 12770       3       java.io.Reader::<init> (15 bytes)

GC Heap History (10 events):
Event: 56.839 GC heap before
{Heap before GC invocations=14 (full 3):
 PSYoungGen      total 160256K, used 160252K [0x00000000e0000000, 0x00000000ec380000, 0x0000000100000000)
  eden space 149504K, 100% used [0x00000000e0000000,0x00000000e9200000,0x00000000e9200000)
  from space 10752K, 99% used [0x00000000eb900000,0x00000000ec37f060,0x00000000ec380000)
  to   space 18944K, 0% used [0x00000000e9e80000,0x00000000e9e80000,0x00000000eb100000)
 ParOldGen       total 256000K, used 30245K [0x00000000a0000000, 0x00000000afa00000, 0x00000000e0000000)
  object space 256000K, 11% used [0x00000000a0000000,0x00000000a1d895c8,0x00000000afa00000)
 Metaspace       used 67191K, capacity 69038K, committed 69208K, reserved 1110016K
  class space    used 8953K, capacity 9476K, committed 9600K, reserved 1048576K
Event: 56.853 GC heap after
Heap after GC invocations=14 (full 3):
 PSYoungGen      total 181248K, used 12115K [0x00000000e0000000, 0x00000000ec780000, 0x0000000100000000)
  eden space 162304K, 0% used [0x00000000e0000000,0x00000000e0000000,0x00000000e9e80000)
  from space 18944K, 63% used [0x00000000e9e80000,0x00000000eaa54d18,0x00000000eb100000)
  to   space 18432K, 0% used [0x00000000eb580000,0x00000000eb580000,0x00000000ec780000)
 ParOldGen       total 256000K, used 30253K [0x00000000a0000000, 0x00000000afa00000, 0x00000000e0000000)
  object space 256000K, 11% used [0x00000000a0000000,0x00000000a1d8b5c8,0x00000000afa00000)
 Metaspace       used 67191K, capacity 69038K, committed 69208K, reserved 1110016K
  class space    used 8953K, capacity 9476K, committed 9600K, reserved 1048576K
}
Event: 1647.531 GC heap before
{Heap before GC invocations=15 (full 3):
 PSYoungGen      total 181248K, used 174419K [0x00000000e0000000, 0x00000000ec780000, 0x0000000100000000)
  eden space 162304K, 100% used [0x00000000e0000000,0x00000000e9e80000,0x00000000e9e80000)
  from space 18944K, 63% used [0x00000000e9e80000,0x00000000eaa54d18,0x00000000eb100000)
  to   space 18432K, 0% used [0x00000000eb580000,0x00000000eb580000,0x00000000ec780000)
 ParOldGen       total 256000K, used 30253K [0x00000000a0000000, 0x00000000afa00000, 0x00000000e0000000)
  object space 256000K, 11% used [0x00000000a0000000,0x00000000a1d8b5c8,0x00000000afa00000)
 Metaspace       used 71819K, capacity 73996K, committed 74200K, reserved 1114112K
  class space    used 9349K, capacity 9878K, committed 9984K, reserved 1048576K
Event: 1647.544 GC heap after
Heap after GC invocations=15 (full 3):
 PSYoungGen      total 176640K, used 17082K [0x00000000e0000000, 0x00000000ec680000, 0x0000000100000000)
  eden space 159232K, 0% used [0x00000000e0000000,0x00000000e0000000,0x00000000e9b80000)
  from space 17408K, 98% used [0x00000000eb580000,0x00000000ec62ebe8,0x00000000ec680000)
  to   space 19968K, 0% used [0x00000000e9f80000,0x00000000e9f80000,0x00000000eb300000)
 ParOldGen       total 256000K, used 30261K [0x00000000a0000000, 0x00000000afa00000, 0x00000000e0000000)
  object space 256000K, 11% used [0x00000000a0000000,0x00000000a1d8d5c8,0x00000000afa00000)
 Metaspace       used 71819K, capacity 73996K, committed 74200K, reserved 1114112K
  class space    used 9349K, capacity 9878K, committed 9984K, reserved 1048576K
}
Event: 1670.687 GC heap before
{Heap before GC invocations=16 (full 3):
 PSYoungGen      total 176640K, used 176314K [0x00000000e0000000, 0x00000000ec680000, 0x0000000100000000)
  eden space 159232K, 100% used [0x00000000e0000000,0x00000000e9b80000,0x00000000e9b80000)
  from space 17408K, 98% used [0x00000000eb580000,0x00000000ec62ebe8,0x00000000ec680000)
  to   space 19968K, 0% used [0x00000000e9f80000,0x00000000e9f80000,0x00000000eb300000)
 ParOldGen       total 256000K, used 30261K [0x00000000a0000000, 0x00000000afa00000, 0x00000000e0000000)
  object space 256000K, 11% used [0x00000000a0000000,0x00000000a1d8d5c8,0x00000000afa00000)
 Metaspace       used 72632K, capacity 75102K, committed 75352K, reserved 1114112K
  class space    used 9408K, capacity 10008K, committed 10112K, reserved 1048576K
Event: 1670.707 GC heap after
Heap after GC invocations=16 (full 3):
 PSYoungGen      total 171520K, used 14880K [0x00000000e0000000, 0x00000000ec080000, 0x0000000100000000)
  eden space 156160K, 0% used [0x00000000e0000000,0x00000000e0000000,0x00000000e9880000)
  from space 15360K, 96% used [0x00000000e9f80000,0x00000000eae082c8,0x00000000eae80000)
  to   space 18432K, 0% used [0x00000000eae80000,0x00000000eae80000,0x00000000ec080000)
 ParOldGen       total 256000K, used 30269K [0x00000000a0000000, 0x00000000afa00000, 0x00000000e0000000)
  object space 256000K, 11% used [0x00000000a0000000,0x00000000a1d8f5c8,0x00000000afa00000)
 Metaspace       used 72632K, capacity 75102K, committed 75352K, reserved 1114112K
  class space    used 9408K, capacity 10008K, committed 10112K, reserved 1048576K
}
Event: 1701.373 GC heap before
{Heap before GC invocations=17 (full 3):
 PSYoungGen      total 171520K, used 171040K [0x00000000e0000000, 0x00000000ec080000, 0x0000000100000000)
  eden space 156160K, 100% used [0x00000000e0000000,0x00000000e9880000,0x00000000e9880000)
  from space 15360K, 96% used [0x00000000e9f80000,0x00000000eae082c8,0x00000000eae80000)
  to   space 18432K, 0% used [0x00000000eae80000,0x00000000eae80000,0x00000000ec080000)
 ParOldGen       total 256000K, used 30269K [0x00000000a0000000, 0x00000000afa00000, 0x00000000e0000000)
  object space 256000K, 11% used [0x00000000a0000000,0x00000000a1d8f5c8,0x00000000afa00000)
 Metaspace       used 73213K, capacity 75898K, committed 76120K, reserved 1116160K
  class space    used 9455K, capacity 10103K, committed 10112K, reserved 1048576K
Event: 1701.500 GC heap after
Heap after GC invocations=17 (full 3):
 PSYoungGen      total 167424K, used 12982K [0x00000000e0000000, 0x00000000ebc80000, 0x0000000100000000)
  eden space 153088K, 0% used [0x00000000e0000000,0x00000000e0000000,0x00000000e9580000)
  from space 14336K, 90% used [0x00000000eae80000,0x00000000ebb2da20,0x00000000ebc80000)
  to   space 19968K, 0% used [0x00000000e9580000,0x00000000e9580000,0x00000000ea900000)
 ParOldGen       total 256000K, used 30277K [0x00000000a0000000, 0x00000000afa00000, 0x00000000e0000000)
  object space 256000K, 11% used [0x00000000a0000000,0x00000000a1d915c8,0x00000000afa00000)
 Metaspace       used 73213K, capacity 75898K, committed 76120K, reserved 1116160K
  class space    used 9455K, capacity 10103K, committed 10112K, reserved 1048576K
}
Event: 1859.200 GC heap before
{Heap before GC invocations=18 (full 3):
 PSYoungGen      total 167424K, used 166070K [0x00000000e0000000, 0x00000000ebc80000, 0x0000000100000000)
  eden space 153088K, 100% used [0x00000000e0000000,0x00000000e9580000,0x00000000e9580000)
  from space 14336K, 90% used [0x00000000eae80000,0x00000000ebb2da20,0x00000000ebc80000)
  to   space 19968K, 0% used [0x00000000e9580000,0x00000000e9580000,0x00000000ea900000)
 ParOldGen       total 256000K, used 30277K [0x00000000a0000000, 0x00000000afa00000, 0x00000000e0000000)
  object space 256000K, 11% used [0x00000000a0000000,0x00000000a1d915c8,0x00000000afa00000)
 Metaspace       used 73888K, capacity 76744K, committed 77016K, reserved 1116160K
  class space    used 9521K, capacity 10206K, committed 10240K, reserved 1048576K
Event: 1859.214 GC heap after
Heap after GC invocations=18 (full 3):
 PSYoungGen      total 166400K, used 16245K [0x00000000e0000000, 0x00000000eba80000, 0x0000000100000000)
  eden space 150016K, 0% used [0x00000000e0000000,0x00000000e0000000,0x00000000e9280000)
  from space 16384K, 99% used [0x00000000e9580000,0x00000000ea55d748,0x00000000ea580000)
  to   space 20480K, 0% used [0x00000000ea680000,0x00000000ea680000,0x00000000eba80000)
 ParOldGen       total 256000K, used 30285K [0x00000000a0000000, 0x00000000afa00000, 0x00000000e0000000)
  object space 256000K, 11% used [0x00000000a0000000,0x00000000a1d935c8,0x00000000afa00000)
 Metaspace       used 73888K, capacity 76744K, committed 77016K, reserved 1116160K
  class space    used 9521K, capacity 10206K, committed 10240K, reserved 1048576K
}

Deoptimization events (10 events):
Event: 1860.142 Thread 0x0000000021ec6000 Uncommon trap: reason=unstable_if action=reinterpret pc=0x000000000438fb18 method=java.lang.Long.getChars(JI[C)V @ 9
Event: 1860.173 Thread 0x0000000021ec6000 Uncommon trap: reason=unstable_if action=reinterpret pc=0x0000000004de8918 method=com.sun.org.apache.xerces.internal.impl.XMLEntityScanner.scanQName(Lcom/sun/org/apache/xerces/internal/xni/QName;Lcom/sun/org/apache/xerces/internal/impl/XMLScanner$NameType
Event: 1860.174 Thread 0x0000000021ec6000 Uncommon trap: reason=bimorphic action=maybe_recompile pc=0x0000000003f5ecb0 method=com.sun.org.apache.xerces.internal.dom.NamedNodeMapImpl.findNamePoint(Ljava/lang/String;I)I @ 57
Event: 1860.174 Thread 0x0000000021ec6000 Uncommon trap: reason=bimorphic action=maybe_recompile pc=0x0000000003f5ecb0 method=com.sun.org.apache.xerces.internal.dom.NamedNodeMapImpl.findNamePoint(Ljava/lang/String;I)I @ 57
Event: 1860.174 Thread 0x0000000021ec6000 Uncommon trap: reason=bimorphic action=maybe_recompile pc=0x0000000003f5ecb0 method=com.sun.org.apache.xerces.internal.dom.NamedNodeMapImpl.findNamePoint(Ljava/lang/String;I)I @ 57
Event: 1860.174 Thread 0x0000000021ec6000 Uncommon trap: reason=bimorphic action=maybe_recompile pc=0x0000000003f5ecb0 method=com.sun.org.apache.xerces.internal.dom.NamedNodeMapImpl.findNamePoint(Ljava/lang/String;I)I @ 57
Event: 1860.184 Thread 0x0000000021ec6000 Uncommon trap: reason=unstable_if action=reinterpret pc=0x0000000002f2f644 method=sun.nio.cs.UTF_8$Decoder.decode([BII[C)I @ 30
Event: 1860.184 Thread 0x0000000021ec6000 Uncommon trap: reason=unstable_if action=reinterpret pc=0x00000000031300b4 method=java.lang.StringCoding.safeTrim([CILjava/nio/charset/Charset;Z)[C @ 3
Event: 1860.190 Thread 0x0000000021ec6000 Uncommon trap: reason=unstable_if action=reinterpret pc=0x00000000038b4654 method=java.lang.StringCoding.safeTrim([CILjava/nio/charset/Charset;Z)[C @ 3
Event: 1860.205 Thread 0x0000000021ec6000 Uncommon trap: reason=unstable_if action=reinterpret pc=0x0000000002f3f33c method=java.lang.StringCoding.safeTrim([CILjava/nio/charset/Charset;Z)[C @ 3

Classes redefined (0 events):
No events

Internal exceptions (10 events):
Event: 1856.382 Thread 0x000000001ac26800 Exception <a 'sun/nio/fs/WindowsException'> (0x00000000e35f9b90) thrown at [D:\src\AOSP-openjdk-cygwin\jdk8u\hotspot\src\share\vm\prims\jni.cpp, line 709]
Event: 1857.308 Thread 0x0000000021ec6000 Exception <a 'sun/nio/fs/WindowsException'> (0x00000000e8e26c38) thrown at [D:\src\AOSP-openjdk-cygwin\jdk8u\hotspot\src\share\vm\prims\jni.cpp, line 709]
Event: 1857.317 Thread 0x0000000021ec6000 Exception <a 'java/lang/NoSuchMethodError': <clinit>> (0x00000000e8e68410) thrown at [D:\src\AOSP-openjdk-cygwin\jdk8u\hotspot\src\share\vm\prims\jni.cpp, line 1613]
Event: 1857.317 Thread 0x0000000021ec6000 Exception <a 'java/lang/NoSuchMethodError': <clinit>> (0x00000000e8e71f58) thrown at [D:\src\AOSP-openjdk-cygwin\jdk8u\hotspot\src\share\vm\prims\jni.cpp, line 1613]
Event: 1857.318 Thread 0x0000000021ec6000 Exception <a 'java/lang/NoSuchMethodError': <clinit>> (0x00000000e8e88268) thrown at [D:\src\AOSP-openjdk-cygwin\jdk8u\hotspot\src\share\vm\prims\jni.cpp, line 1613]
Event: 1857.319 Thread 0x0000000021ec6000 Exception <a 'java/lang/NoSuchMethodError': <clinit>> (0x00000000e8e92e10) thrown at [D:\src\AOSP-openjdk-cygwin\jdk8u\hotspot\src\share\vm\prims\jni.cpp, line 1613]
Event: 1857.322 Thread 0x0000000021ec6000 Exception <a 'sun/nio/fs/WindowsException'> (0x00000000e8e9b778) thrown at [D:\src\AOSP-openjdk-cygwin\jdk8u\hotspot\src\share\vm\prims\jni.cpp, line 709]
Event: 1859.912 Thread 0x0000000021ec1800 Exception <a 'sun/nio/fs/WindowsException'> (0x00000000e0751fd0) thrown at [D:\src\AOSP-openjdk-cygwin\jdk8u\hotspot\src\share\vm\prims\jni.cpp, line 709]
Event: 1859.914 Thread 0x0000000021ec1800 Exception <a 'sun/nio/fs/WindowsException'> (0x00000000e0757900) thrown at [D:\src\AOSP-openjdk-cygwin\jdk8u\hotspot\src\share\vm\prims\jni.cpp, line 709]
Event: 1859.934 Thread 0x0000000021ec1800 Exception <a 'sun/nio/fs/WindowsException'> (0x00000000e0759450) thrown at [D:\src\AOSP-openjdk-cygwin\jdk8u\hotspot\src\share\vm\prims\jni.cpp, line 709]

Events (10 events):
Event: 1860.184 Thread 0x0000000021ec6000 DEOPT UNPACKING pc=0x0000000002d0557b sp=0x0000000025a5c938 mode 2
Event: 1860.184 Thread 0x0000000021ec6000 Uncommon trap: trap_request=0xffffff65 fr.pc=0x00000000031300b4
Event: 1860.184 Thread 0x0000000021ec6000 DEOPT PACKING pc=0x00000000031300b4 sp=0x0000000025a5ca30
Event: 1860.184 Thread 0x0000000021ec6000 DEOPT UNPACKING pc=0x0000000002d0557b sp=0x0000000025a5c818 mode 2
Event: 1860.190 Thread 0x0000000021ec6000 Uncommon trap: trap_request=0xffffff65 fr.pc=0x00000000038b4654
Event: 1860.190 Thread 0x0000000021ec6000 DEOPT PACKING pc=0x00000000038b4654 sp=0x0000000025a5c9e0
Event: 1860.190 Thread 0x0000000021ec6000 DEOPT UNPACKING pc=0x0000000002d0557b sp=0x0000000025a5c820 mode 2
Event: 1860.205 Thread 0x0000000021ec6000 Uncommon trap: trap_request=0xffffff65 fr.pc=0x0000000002f3f33c
Event: 1860.205 Thread 0x0000000021ec6000 DEOPT PACKING pc=0x0000000002f3f33c sp=0x0000000025a5c8b0
Event: 1860.205 Thread 0x0000000021ec6000 DEOPT UNPACKING pc=0x0000000002d0557b sp=0x0000000025a5c748 mode 2


Dynamic libraries:
0x00007ff633e50000 - 0x00007ff633e81000 	C:\Program Files\Android\Android Studio\jre\bin\java.exe
0x00007ffb193c0000 - 0x00007ffb195b0000 	C:\WINDOWS\SYSTEM32\ntdll.dll
0x00007ffb17470000 - 0x00007ffb17522000 	C:\WINDOWS\System32\KERNEL32.DLL
0x00007ffb16420000 - 0x00007ffb166c3000 	C:\WINDOWS\System32\KERNELBASE.dll
0x00007ffb18a30000 - 0x00007ffb18ad3000 	C:\WINDOWS\System32\ADVAPI32.dll
0x00007ffb18470000 - 0x00007ffb1850e000 	C:\WINDOWS\System32\msvcrt.dll
0x00007ffb17d70000 - 0x00007ffb17e07000 	C:\WINDOWS\System32\sechost.dll
0x00007ffb18280000 - 0x00007ffb183a0000 	C:\WINDOWS\System32\RPCRT4.dll
0x00007ffb19030000 - 0x00007ffb191c4000 	C:\WINDOWS\System32\USER32.dll
0x00007ffb17420000 - 0x00007ffb17441000 	C:\WINDOWS\System32\win32u.dll
0x00007ffb17d00000 - 0x00007ffb17d26000 	C:\WINDOWS\System32\GDI32.dll
0x00007ffb166d0000 - 0x00007ffb16864000 	C:\WINDOWS\System32\gdi32full.dll
0x00007ffb169c0000 - 0x00007ffb16a5e000 	C:\WINDOWS\System32\msvcp_win.dll
0x00007ffb16b10000 - 0x00007ffb16c0a000 	C:\WINDOWS\System32\ucrtbase.dll
0x00007ffb04750000 - 0x00007ffb049d5000 	C:\WINDOWS\WinSxS\amd64_microsoft.windows.common-controls_6595b64144ccf1df_6.0.18362.657_none_e6c5b579130e3898\COMCTL32.dll
0x00007ffb18cf0000 - 0x00007ffb19026000 	C:\WINDOWS\System32\combase.dll
0x00007ffb16350000 - 0x00007ffb163d0000 	C:\WINDOWS\System32\bcryptPrimitives.dll
0x00007ffb17d30000 - 0x00007ffb17d5e000 	C:\WINDOWS\System32\IMM32.DLL
0x00000000745f0000 - 0x00000000746c2000 	C:\Program Files\Android\Android Studio\jre\jre\bin\msvcr100.dll
0x0000000075430000 - 0x0000000075c71000 	C:\Program Files\Android\Android Studio\jre\jre\bin\server\jvm.dll
0x00007ffb17d60000 - 0x00007ffb17d68000 	C:\WINDOWS\System32\PSAPI.DLL
0x00007ffb11100000 - 0x00007ffb11124000 	C:\WINDOWS\SYSTEM32\WINMM.dll
0x00007ffb06ea0000 - 0x00007ffb06ea9000 	C:\WINDOWS\SYSTEM32\WSOCK32.dll
0x00007ffb14bc0000 - 0x00007ffb14bca000 	C:\WINDOWS\SYSTEM32\VERSION.dll
0x00007ffb18400000 - 0x00007ffb1846f000 	C:\WINDOWS\System32\WS2_32.dll
0x00007ffb110d0000 - 0x00007ffb110fd000 	C:\WINDOWS\SYSTEM32\winmmbase.dll
0x00007ffb163d0000 - 0x00007ffb1641a000 	C:\WINDOWS\System32\cfgmgr32.dll
0x00007ffb06d70000 - 0x00007ffb06d7f000 	C:\Program Files\Android\Android Studio\jre\jre\bin\verify.dll
0x00007ffaf8f60000 - 0x00007ffaf8f89000 	C:\Program Files\Android\Android Studio\jre\jre\bin\java.dll
0x00007ffafec30000 - 0x00007ffafec46000 	C:\Program Files\Android\Android Studio\jre\jre\bin\zip.dll
0x00007ffb175b0000 - 0x00007ffb17c95000 	C:\WINDOWS\System32\SHELL32.dll
0x00007ffb18b70000 - 0x00007ffb18c19000 	C:\WINDOWS\System32\shcore.dll
0x00007ffb16c40000 - 0x00007ffb173bf000 	C:\WINDOWS\System32\windows.storage.dll
0x00007ffb16310000 - 0x00007ffb1632f000 	C:\WINDOWS\System32\profapi.dll
0x00007ffb162c0000 - 0x00007ffb1630a000 	C:\WINDOWS\System32\powrprof.dll
0x00007ffb16290000 - 0x00007ffb162a0000 	C:\WINDOWS\System32\UMPDC.dll
0x00007ffb17ca0000 - 0x00007ffb17cf2000 	C:\WINDOWS\System32\shlwapi.dll
0x00007ffb16330000 - 0x00007ffb16341000 	C:\WINDOWS\System32\kernel.appcore.dll
0x00007ffb17450000 - 0x00007ffb17467000 	C:\WINDOWS\System32\cryptsp.dll
0x00007ffafe3b0000 - 0x00007ffafe3ca000 	C:\Program Files\Android\Android Studio\jre\jre\bin\net.dll
0x00007ffb15ab0000 - 0x00007ffb15b17000 	C:\WINDOWS\system32\mswsock.dll
0x00007ffafcb80000 - 0x00007ffafcb91000 	C:\Program Files\Android\Android Studio\jre\jre\bin\nio.dll
0x00007ffafc930000 - 0x00007ffafc94e000 	C:\Users\12\.gradle\native\25\windows-amd64\native-platform.dll
0x00007ffb03f50000 - 0x00007ffb03f5d000 	C:\Program Files\Android\Android Studio\jre\jre\bin\management.dll
0x00007ffb15630000 - 0x00007ffb15663000 	C:\WINDOWS\system32\rsaenh.dll
0x00007ffb16c10000 - 0x00007ffb16c36000 	C:\WINDOWS\System32\bcrypt.dll
0x00007ffb161b0000 - 0x00007ffb161d5000 	C:\WINDOWS\SYSTEM32\USERENV.dll
0x00007ffb15c30000 - 0x00007ffb15c3c000 	C:\WINDOWS\SYSTEM32\CRYPTBASE.dll
0x00007ffb157d0000 - 0x00007ffb1580a000 	C:\WINDOWS\SYSTEM32\IPHLPAPI.DLL
0x00007ffb18b00000 - 0x00007ffb18b08000 	C:\WINDOWS\System32\NSI.dll
0x00007ffb0e920000 - 0x00007ffb0e936000 	C:\WINDOWS\SYSTEM32\dhcpcsvc6.DLL
0x00007ffb0e900000 - 0x00007ffb0e91c000 	C:\WINDOWS\SYSTEM32\dhcpcsvc.DLL
0x00007ffb15810000 - 0x00007ffb158da000 	C:\WINDOWS\SYSTEM32\DNSAPI.dll
0x00007ffaf7a20000 - 0x00007ffaf7a44000 	C:\Program Files\Android\Android Studio\jre\jre\bin\sunec.dll
0x00007ffb0e9b0000 - 0x00007ffb0e9ba000 	C:\Windows\System32\rasadhlp.dll
0x00007ffb0e360000 - 0x00007ffb0e3d7000 	C:\WINDOWS\System32\fwpuclnt.dll
0x00007ffafc720000 - 0x00007ffafc72b000 	C:\Program Files\Android\Android Studio\jre\jre\bin\sunmscapi.dll
0x00007ffb16870000 - 0x00007ffb169b9000 	C:\WINDOWS\System32\CRYPT32.dll
0x00007ffb162a0000 - 0x00007ffb162b2000 	C:\WINDOWS\System32\MSASN1.dll

VM Arguments:
jvm_args: -Xmx1536m -Dfile.encoding=windows-1252 -Duser.country=FR -Duser.language=fr -Duser.variant 
java_command: org.gradle.launcher.daemon.bootstrap.GradleDaemon 4.10.1
java_class_path (initial): C:\Users\12\.gradle\wrapper\dists\gradle-4.10.1-all\455itskqi2qtf0v2sja68alqd\gradle-4.10.1\lib\gradle-launcher-4.10.1.jar
Launcher Type: SUN_STANDARD

Environment Variables:
PATH=C:\Program Files (x86)\Common Files\Oracle\Java\javapath;C:\WINDOWS\system32;C:\WINDOWS;C:\WINDOWS\System32\Wbem;C:\WINDOWS\System32\WindowsPowerShell\v1.0\;C:\WINDOWS\System32\OpenSSH\;C:\Program Files\dotnet\;C:\xampp\php;C:\composer;C:\Program Files\nodejs\;C:\Program Files\Git\cmd;C:\Program Files\Git\mingw64\bin;C:\Program Files\Git\usr\bin;C:\HashiCorp\Vagrant\bin;C:\Program Files\Docker\Docker\resources\bin;C:\ProgramData\DockerDesktop\version-bin;C:\Users\12\AppData\Local\Microsoft\WindowsApps;C:\Users\12\AppData\Roaming\Composer\vendor\bin;C:\Users\12\AppData\Local\Programs\Microsoft VS Code\bin;C:\Users\12\AppData\Roaming\npm;C:\Users\12\flutter\bin;C:\Program Files\heroku\bin;C:\Users\12\AppData\Local\GitHubDesktop\bin;C:\Users\12\AppData\Local\Programs\MiKTeX 2.9\miktex\bin\x64\;%USERPROFILE%\AppData\Local\Microsoft\WindowsApps;
USERNAME=12
OS=Windows_NT
PROCESSOR_IDENTIFIER=Intel64 Family 6 Model 60 Stepping 3, GenuineIntel



---------------  S Y S T E M  ---------------

OS: Windows 10.0 , 64 bit Build 18362 (10.0.18362.329)

CPU:total 8 (initial active 8) (4 cores per cpu, 2 threads per core) family 6 model 60 stepping 3, cmov, cx8, fxsr, mmx, sse, sse2, sse3, ssse3, sse4.1, sse4.2, popcnt, avx, avx2, aes, clmul, erms, lzcnt, ht, tsc, tscinvbit, bmi1, bmi2

Memory: 4k page, physical 16376940k(2986276k free), swap 19448940k(2504k free)

vm_info: OpenJDK 64-Bit Server VM (25.152-b01) for windows-amd64 JRE (1.8.0_152-release-1248-b01), built by "builder" with MS VC++ 10.0 (VS2010)

time: Fri Mar 20 13:55:06 2020
elapsed time: 1860 seconds (0d 0h 31m 0s)

