#
# There is insufficient memory for the Java Runtime Environment to continue.
# Native memory allocation (malloc) failed to allocate 758816 bytes for Chunk::new
# Possible reasons:
#   The system is out of physical RAM or swap space
#   In 32 bit mode, the process size limit was hit
# Possible solutions:
#   Reduce memory load on the system
#   Increase physical memory or swap space
#   Check if swap backing store is full
#   Use 64 bit Java on a 64 bit OS
#   Decrease Java heap size (-Xmx/-Xms)
#   Decrease number of Java threads
#   Decrease Java thread stack sizes (-Xss)
#   Set larger code cache with -XX:ReservedCodeCacheSize=
# This output file may be truncated or incomplete.
#
#  Out of Memory Error (allocation.cpp:390), pid=4168, tid=0x0000000000004a28
#
# JRE version: OpenJDK Runtime Environment (8.0_152-b01) (build 1.8.0_152-release-1248-b01)
# Java VM: OpenJDK 64-Bit Server VM (25.152-b01 mixed mode windows-amd64 compressed oops)
# Failed to write core dump. Minidumps are not enabled by default on client versions of Windows
#

---------------  T H R E A D  ---------------

Current thread (0x0000000018e1f800):  JavaThread "C2 CompilerThread1" daemon [_thread_in_native, id=18984, stack(0x0000000019730000,0x0000000019830000)]

Stack: [0x0000000019730000,0x0000000019830000]
[error occurred during error reporting (printing stack bounds), id 0xc0000005]

Native frames: (J=compiled Java code, j=interpreted, Vv=VM code, C=native code)


Current CompileTask:
C2:   6873 4897       4       java.io.ObjectOutputStream::writeClassDesc (60 bytes)


---------------  P R O C E S S  ---------------

Java Threads: ( => current thread )
  0x0000000021893800 JavaThread "Build operations Thread 8" [_thread_blocked, id=9104, stack(0x0000000023440000,0x0000000023540000)]
  0x0000000021891000 JavaThread "Build operations Thread 7" [_thread_blocked, id=7940, stack(0x0000000023340000,0x0000000023440000)]
  0x0000000021892800 JavaThread "Build operations Thread 6" [_thread_blocked, id=7444, stack(0x0000000023240000,0x0000000023340000)]
  0x0000000021895000 JavaThread "Build operations Thread 5" [_thread_blocked, id=16004, stack(0x0000000023140000,0x0000000023240000)]
  0x0000000021895800 JavaThread "Build operations Thread 4" [_thread_blocked, id=14068, stack(0x0000000023040000,0x0000000023140000)]
  0x0000000021894000 JavaThread "Build operations Thread 3" [_thread_blocked, id=13620, stack(0x0000000022f40000,0x0000000023040000)]
  0x000000001b399800 JavaThread "Build operations Thread 2" [_thread_blocked, id=9652, stack(0x0000000022b80000,0x0000000022c80000)]
  0x000000001b3a0800 JavaThread "Build operations" [_thread_blocked, id=12640, stack(0x0000000021420000,0x0000000021520000)]
  0x000000001b39f800 JavaThread "Cache worker for Artifact transforms cache (C:\Users\12\.gradle\caches\transforms-1)" [_thread_blocked, id=6940, stack(0x0000000020300000,0x0000000020400000)]
  0x000000001b39c000 JavaThread "Cache worker for cache directory md-rule (C:\Users\12\.gradle\caches\4.10.1\md-rule)" [_thread_blocked, id=19556, stack(0x000000001fe20000,0x000000001ff20000)]
  0x000000001b39f000 JavaThread "Cache worker for cache directory md-supplier (C:\Users\12\.gradle\caches\4.10.1\md-supplier)" [_thread_blocked, id=13820, stack(0x0000000020200000,0x0000000020300000)]
  0x000000001b39c800 JavaThread "Cache worker for journal cache (C:\Users\12\.gradle\caches\journal-1)" [_thread_blocked, id=20764, stack(0x000000001e950000,0x000000001ea50000)]
  0x000000001ca17000 JavaThread "Cache worker for file hash cache (C:\Users\12\OCR\.gradle\4.10.1\fileHashes)" [_thread_blocked, id=23104, stack(0x000000001d880000,0x000000001d980000)]
  0x000000001adbf800 JavaThread "File lock request listener" [_thread_in_native, id=21872, stack(0x000000001d780000,0x000000001d880000)]
  0x000000001adbe800 JavaThread "Cache worker for file hash cache (C:\Users\12\.gradle\caches\4.10.1\fileHashes)" [_thread_blocked, id=7284, stack(0x000000001d680000,0x000000001d780000)]
  0x000000001af11800 JavaThread "Stdin handler" [_thread_blocked, id=20284, stack(0x000000001c3b0000,0x000000001c4b0000)]
  0x000000001af0c800 JavaThread "Asynchronous log dispatcher for DefaultDaemonConnection: socket connection from /127.0.0.1:56300 to /127.0.0.1:56301" [_thread_blocked, id=7624, stack(0x000000001c2b0000,0x000000001c3b0000)]
  0x000000001b0a6800 JavaThread "Daemon worker" [_thread_in_Java, id=22580, stack(0x000000001c1b0000,0x000000001c2b0000)]
  0x000000001b0a5000 JavaThread "Cancel handler" [_thread_blocked, id=7964, stack(0x000000001c0b0000,0x000000001c1b0000)]
  0x000000001b0c7000 JavaThread "Handler for socket connection from /127.0.0.1:56300 to /127.0.0.1:56301" [_thread_in_native, id=23012, stack(0x000000001bdb0000,0x000000001beb0000)]
  0x000000001b0ba800 JavaThread "Daemon" [_thread_blocked, id=21032, stack(0x000000001bcb0000,0x000000001bdb0000)]
  0x000000001b0c5000 JavaThread "Daemon periodic checks" [_thread_blocked, id=3812, stack(0x000000001bbb0000,0x000000001bcb0000)]
  0x000000001b089800 JavaThread "Incoming local TCP Connector on port 56300" [_thread_in_native, id=6888, stack(0x000000001b940000,0x000000001ba40000)]
  0x0000000018eb5000 JavaThread "Service Thread" daemon [_thread_blocked, id=3112, stack(0x0000000019a30000,0x0000000019b30000)]
  0x0000000018e2e000 JavaThread "C1 CompilerThread3" daemon [_thread_blocked, id=18244, stack(0x0000000019930000,0x0000000019a30000)]
  0x0000000018e26000 JavaThread "C2 CompilerThread2" daemon [_thread_blocked, id=9600, stack(0x0000000019830000,0x0000000019930000)]
=>0x0000000018e1f800 JavaThread "C2 CompilerThread1" daemon [_thread_in_native, id=18984, stack(0x0000000019730000,0x0000000019830000)]
  0x0000000018e1c000 JavaThread "C2 CompilerThread0" daemon [_thread_blocked, id=16432, stack(0x0000000019630000,0x0000000019730000)]
  0x0000000018e19000 JavaThread "Attach Listener" daemon [_thread_blocked, id=3564, stack(0x0000000019530000,0x0000000019630000)]
  0x0000000018e18000 JavaThread "Signal Dispatcher" daemon [_thread_blocked, id=21976, stack(0x0000000019430000,0x0000000019530000)]
  0x0000000018e10800 JavaThread "Finalizer" daemon [_thread_blocked, id=11016, stack(0x00000000191f0000,0x00000000192f0000)]
  0x0000000003146000 JavaThread "Reference Handler" daemon [_thread_blocked, id=13768, stack(0x0000000018cf0000,0x0000000018df0000)]
  0x0000000002f4e000 JavaThread "main" [_thread_blocked, id=22228, stack(0x0000000002f50000,0x0000000003050000)]

Other Threads:
  0x0000000016f06800 VMThread [stack: 0x0000000018bf0000,0x0000000018cf0000] [id=21272]
  0x0000000018eb6000 WatcherThread [stack: 0x0000000019b30000,0x0000000019c30000] [id=18080]

VM state:not at safepoint (normal execution)

VM Mutex/Monitor currently owned by a thread: None

Heap:
 PSYoungGen      total 165376K, used 71683K [0x00000000e0000000, 0x00000000f1a80000, 0x0000000100000000)
  eden space 151040K, 37% used [0x00000000e0000000,0x00000000e38016b0,0x00000000e9380000)
  from space 14336K, 99% used [0x00000000e9380000,0x00000000ea17f658,0x00000000ea180000)
  to   space 18432K, 0% used [0x00000000f0880000,0x00000000f0880000,0x00000000f1a80000)
 ParOldGen       total 141824K, used 19848K [0x00000000a0000000, 0x00000000a8a80000, 0x00000000e0000000)
  object space 141824K, 13% used [0x00000000a0000000,0x00000000a1362038,0x00000000a8a80000)
 Metaspace       used 54022K, capacity 55278K, committed 55680K, reserved 1097728K
  class space    used 7338K, capacity 7688K, committed 7808K, reserved 1048576K

Card table byte_map: [0x0000000012510000,0x0000000012820000] byte_map_base: 0x0000000012010000

Marking Bits: (ParMarkBitMap*) 0x0000000075bf5aa0
 Begin Bits: [0x0000000013220000, 0x0000000014a20000)
 End Bits:   [0x0000000014a20000, 0x0000000016220000)

Polling page: 0x0000000001670000

CodeCache: size=245760Kb used=15510Kb max_used=15517Kb free=230249Kb
 bounds [0x0000000003150000, 0x0000000004090000, 0x0000000012150000]
 total_blobs=5354 nmethods=4579 adapters=687
 compilation: enabled

Compilation events (10 events):
Event: 6.862 Thread 0x0000000018e2e000 4951       1       java.util.stream.Collectors$CollectorImpl::characteristics (5 bytes)
Event: 6.862 Thread 0x0000000018e2e000 nmethod 4951 0x000000000407f250 code [0x000000000407f3a0, 0x000000000407f4b0]
Event: 6.865 Thread 0x0000000018e1c000 4952       4       com.google.common.collect.Hashing::smear (13 bytes)
Event: 6.866 Thread 0x0000000018e1c000 nmethod 4952 0x000000000371fb10 code [0x000000000371fc40, 0x000000000371fc98]
Event: 6.867 Thread 0x0000000018e2e000 4953       3       org.gradle.api.internal.project.BuildOperationCrossProjectConfigurator::executeActionWithMutation (11 bytes)
Event: 6.867 Thread 0x0000000018e2e000 nmethod 4953 0x0000000004081c10 code [0x0000000004081d80, 0x0000000004082010]
Event: 6.867 Thread 0x0000000018e2e000 4954       3       org.gradle.api.internal.project.BuildOperationCrossProjectConfigurator$4::<init> (20 bytes)
Event: 6.867 Thread 0x0000000018e2e000 nmethod 4954 0x0000000004081810 code [0x0000000004081960, 0x0000000004081b50]
Event: 6.868 Thread 0x0000000018e2e000 4955       3       java.lang.Class::getDeclaredConstructors (18 bytes)
Event: 6.868 Thread 0x0000000018e2e000 nmethod 4955 0x0000000004081350 code [0x00000000040814e0, 0x0000000004081718]

GC Heap History (10 events):
Event: 3.681 GC heap before
{Heap before GC invocations=5 (full 1):
 PSYoungGen      total 74752K, used 64512K [0x00000000e0000000, 0x00000000e9200000, 0x0000000100000000)
  eden space 64512K, 100% used [0x00000000e0000000,0x00000000e3f00000,0x00000000e3f00000)
  from space 10240K, 0% used [0x00000000e3f00000,0x00000000e3f00000,0x00000000e4900000)
  to   space 10240K, 0% used [0x00000000e8800000,0x00000000e8800000,0x00000000e9200000)
 ParOldGen       total 107520K, used 10107K [0x00000000a0000000, 0x00000000a6900000, 0x00000000e0000000)
  object space 107520K, 9% used [0x00000000a0000000,0x00000000a09ded90,0x00000000a6900000)
 Metaspace       used 26660K, capacity 27090K, committed 27264K, reserved 1073152K
  class space    used 3721K, capacity 3902K, committed 3968K, reserved 1048576K
Event: 3.690 GC heap after
Heap after GC invocations=5 (full 1):
 PSYoungGen      total 105472K, used 6376K [0x00000000e0000000, 0x00000000e8e80000, 0x0000000100000000)
  eden space 98816K, 0% used [0x00000000e0000000,0x00000000e0000000,0x00000000e6080000)
  from space 6656K, 95% used [0x00000000e8800000,0x00000000e8e3a010,0x00000000e8e80000)
  to   space 10240K, 0% used [0x00000000e7a80000,0x00000000e7a80000,0x00000000e8480000)
 ParOldGen       total 107520K, used 10115K [0x00000000a0000000, 0x00000000a6900000, 0x00000000e0000000)
  object space 107520K, 9% used [0x00000000a0000000,0x00000000a09e0d90,0x00000000a6900000)
 Metaspace       used 26660K, capacity 27090K, committed 27264K, reserved 1073152K
  class space    used 3721K, capacity 3902K, committed 3968K, reserved 1048576K
}
Event: 4.731 GC heap before
{Heap before GC invocations=6 (full 1):
 PSYoungGen      total 105472K, used 105192K [0x00000000e0000000, 0x00000000e8e80000, 0x0000000100000000)
  eden space 98816K, 100% used [0x00000000e0000000,0x00000000e6080000,0x00000000e6080000)
  from space 6656K, 95% used [0x00000000e8800000,0x00000000e8e3a010,0x00000000e8e80000)
  to   space 10240K, 0% used [0x00000000e7a80000,0x00000000e7a80000,0x00000000e8480000)
 ParOldGen       total 107520K, used 10115K [0x00000000a0000000, 0x00000000a6900000, 0x00000000e0000000)
  object space 107520K, 9% used [0x00000000a0000000,0x00000000a09e0d90,0x00000000a6900000)
 Metaspace       used 34440K, capacity 35156K, committed 35328K, reserved 1079296K
  class space    used 4811K, capacity 5050K, committed 5120K, reserved 1048576K
Event: 4.741 GC heap after
Heap after GC invocations=6 (full 1):
 PSYoungGen      total 135680K, used 10212K [0x00000000e0000000, 0x00000000eb000000, 0x0000000100000000)
  eden space 125440K, 0% used [0x00000000e0000000,0x00000000e0000000,0x00000000e7a80000)
  from space 10240K, 99% used [0x00000000e7a80000,0x00000000e84793b8,0x00000000e8480000)
  to   space 14848K, 0% used [0x00000000ea180000,0x00000000ea180000,0x00000000eb000000)
 ParOldGen       total 107520K, used 12894K [0x00000000a0000000, 0x00000000a6900000, 0x00000000e0000000)
  object space 107520K, 11% used [0x00000000a0000000,0x00000000a0c97958,0x00000000a6900000)
 Metaspace       used 34440K, capacity 35156K, committed 35328K, reserved 1079296K
  class space    used 4811K, capacity 5050K, committed 5120K, reserved 1048576K
}
Event: 4.777 GC heap before
{Heap before GC invocations=7 (full 1):
 PSYoungGen      total 135680K, used 14868K [0x00000000e0000000, 0x00000000eb000000, 0x0000000100000000)
  eden space 125440K, 3% used [0x00000000e0000000,0x00000000e048bee0,0x00000000e7a80000)
  from space 10240K, 99% used [0x00000000e7a80000,0x00000000e84793b8,0x00000000e8480000)
  to   space 14848K, 0% used [0x00000000ea180000,0x00000000ea180000,0x00000000eb000000)
 ParOldGen       total 107520K, used 12894K [0x00000000a0000000, 0x00000000a6900000, 0x00000000e0000000)
  object space 107520K, 11% used [0x00000000a0000000,0x00000000a0c97958,0x00000000a6900000)
 Metaspace       used 34791K, capacity 35476K, committed 35496K, reserved 1079296K
  class space    used 4863K, capacity 5114K, committed 5120K, reserved 1048576K
Event: 4.784 GC heap after
Heap after GC invocations=7 (full 1):
 PSYoungGen      total 165888K, used 8064K [0x00000000e0000000, 0x00000000efb80000, 0x0000000100000000)
  eden space 151040K, 0% used [0x00000000e0000000,0x00000000e0000000,0x00000000e9380000)
  from space 14848K, 54% used [0x00000000ea180000,0x00000000ea960000,0x00000000eb000000)
  to   space 14336K, 0% used [0x00000000e9380000,0x00000000e9380000,0x00000000ea180000)
 ParOldGen       total 107520K, used 12902K [0x00000000a0000000, 0x00000000a6900000, 0x00000000e0000000)
  object space 107520K, 11% used [0x00000000a0000000,0x00000000a0c99958,0x00000000a6900000)
 Metaspace       used 34791K, capacity 35476K, committed 35496K, reserved 1079296K
  class space    used 4863K, capacity 5114K, committed 5120K, reserved 1048576K
}
Event: 4.784 GC heap before
{Heap before GC invocations=8 (full 2):
 PSYoungGen      total 165888K, used 8064K [0x00000000e0000000, 0x00000000efb80000, 0x0000000100000000)
  eden space 151040K, 0% used [0x00000000e0000000,0x00000000e0000000,0x00000000e9380000)
  from space 14848K, 54% used [0x00000000ea180000,0x00000000ea960000,0x00000000eb000000)
  to   space 14336K, 0% used [0x00000000e9380000,0x00000000e9380000,0x00000000ea180000)
 ParOldGen       total 107520K, used 12902K [0x00000000a0000000, 0x00000000a6900000, 0x00000000e0000000)
  object space 107520K, 11% used [0x00000000a0000000,0x00000000a0c99958,0x00000000a6900000)
 Metaspace       used 34791K, capacity 35476K, committed 35496K, reserved 1079296K
  class space    used 4863K, capacity 5114K, committed 5120K, reserved 1048576K
Event: 4.828 GC heap after
Heap after GC invocations=8 (full 2):
 PSYoungGen      total 165888K, used 0K [0x00000000e0000000, 0x00000000efb80000, 0x0000000100000000)
  eden space 151040K, 0% used [0x00000000e0000000,0x00000000e0000000,0x00000000e9380000)
  from space 14848K, 0% used [0x00000000ea180000,0x00000000ea180000,0x00000000eb000000)
  to   space 14336K, 0% used [0x00000000e9380000,0x00000000e9380000,0x00000000ea180000)
 ParOldGen       total 141824K, used 15225K [0x00000000a0000000, 0x00000000a8a80000, 0x00000000e0000000)
  object space 141824K, 10% used [0x00000000a0000000,0x00000000a0ede650,0x00000000a8a80000)
 Metaspace       used 34791K, capacity 35476K, committed 35496K, reserved 1079296K
  class space    used 4863K, capacity 5114K, committed 5120K, reserved 1048576K
}
Event: 6.330 GC heap before
{Heap before GC invocations=9 (full 2):
 PSYoungGen      total 165888K, used 151040K [0x00000000e0000000, 0x00000000efb80000, 0x0000000100000000)
  eden space 151040K, 100% used [0x00000000e0000000,0x00000000e9380000,0x00000000e9380000)
  from space 14848K, 0% used [0x00000000ea180000,0x00000000ea180000,0x00000000eb000000)
  to   space 14336K, 0% used [0x00000000e9380000,0x00000000e9380000,0x00000000ea180000)
 ParOldGen       total 141824K, used 15225K [0x00000000a0000000, 0x00000000a8a80000, 0x00000000e0000000)
  object space 141824K, 10% used [0x00000000a0000000,0x00000000a0ede650,0x00000000a8a80000)
 Metaspace       used 49166K, capacity 50236K, committed 50560K, reserved 1093632K
  class space    used 6630K, capacity 6955K, committed 7040K, reserved 1048576K
Event: 6.343 GC heap after
Heap after GC invocations=9 (full 2):
 PSYoungGen      total 165376K, used 14333K [0x00000000e0000000, 0x00000000f1a80000, 0x0000000100000000)
  eden space 151040K, 0% used [0x00000000e0000000,0x00000000e0000000,0x00000000e9380000)
  from space 14336K, 99% used [0x00000000e9380000,0x00000000ea17f658,0x00000000ea180000)
  to   space 18432K, 0% used [0x00000000f0880000,0x00000000f0880000,0x00000000f1a80000)
 ParOldGen       total 141824K, used 19848K [0x00000000a0000000, 0x00000000a8a80000, 0x00000000e0000000)
  object space 141824K, 13% used [0x00000000a0000000,0x00000000a1362038,0x00000000a8a80000)
 Metaspace       used 49166K, capacity 50236K, committed 50560K, reserved 1093632K
  class space    used 6630K, capacity 6955K, committed 7040K, reserved 1048576K
}

Deoptimization events (10 events):
Event: 5.840 Thread 0x000000001b0a6800 Uncommon trap: reason=class_check action=maybe_recompile pc=0x00000000036f981c method=java.io.DataInputStream.readUnsignedShort()I @ 4
Event: 5.840 Thread 0x000000001b0a6800 Uncommon trap: reason=class_check action=maybe_recompile pc=0x00000000036f981c method=java.io.DataInputStream.readUnsignedShort()I @ 4
Event: 5.840 Thread 0x000000001b0a6800 Uncommon trap: reason=class_check action=maybe_recompile pc=0x00000000036f981c method=java.io.DataInputStream.readUnsignedShort()I @ 4
Event: 5.840 Thread 0x000000001b0a6800 Uncommon trap: reason=class_check action=maybe_recompile pc=0x00000000036f981c method=java.io.DataInputStream.readUnsignedShort()I @ 4
Event: 5.889 Thread 0x000000001b0a6800 Uncommon trap: reason=unstable_if action=reinterpret pc=0x0000000003e215a0 method=java.io.DataInputStream.readUTF(Ljava/io/DataInput;)Ljava/lang/String; @ 31
Event: 6.019 Thread 0x000000001b0a6800 Uncommon trap: reason=unstable_if action=reinterpret pc=0x00000000036dafdc method=java.util.WeakHashMap.remove(Ljava/lang/Object;)Ljava/lang/Object; @ 94
Event: 6.039 Thread 0x000000001b0a6800 Uncommon trap: reason=unstable_if action=reinterpret pc=0x00000000038c4ae8 method=java.util.regex.Pattern$BmpCharProperty.match(Ljava/util/regex/Matcher;ILjava/lang/CharSequence;)Z @ 34
Event: 6.241 Thread 0x000000001b0a6800 Uncommon trap: reason=unstable_if action=reinterpret pc=0x0000000003eb3ab4 method=com.sun.org.apache.xerces.internal.impl.XMLEntityScanner.checkBeforeLoad(Lcom/sun/xml/internal/stream/Entity$ScannedEntity;II)I @ 18
Event: 6.286 Thread 0x000000001b0a6800 Uncommon trap: reason=unstable_if action=reinterpret pc=0x00000000032df320 method=com.google.gson.stream.JsonReader.doPeek()I @ 315
Event: 6.519 Thread 0x000000001b0a6800 Uncommon trap: reason=unstable_if action=reinterpret pc=0x00000000037114a4 method=java.lang.String.lastIndexOf([CII[CIII)I @ 17

Classes redefined (0 events):
No events

Internal exceptions (10 events):
Event: 6.215 Thread 0x000000001b0a6800 Exception <a 'sun/nio/fs/WindowsException'> (0x00000000e8e226e8) thrown at [D:\src\AOSP-openjdk-cygwin\jdk8u\hotspot\src\share\vm\prims\jni.cpp, line 709]
Event: 6.215 Thread 0x000000001b0a6800 Exception <a 'sun/nio/fs/WindowsException'> (0x00000000e8e25a40) thrown at [D:\src\AOSP-openjdk-cygwin\jdk8u\hotspot\src\share\vm\prims\jni.cpp, line 709]
Event: 6.215 Thread 0x000000001b0a6800 Exception <a 'sun/nio/fs/WindowsException'> (0x00000000e8e268c8) thrown at [D:\src\AOSP-openjdk-cygwin\jdk8u\hotspot\src\share\vm\prims\jni.cpp, line 709]
Event: 6.215 Thread 0x000000001b0a6800 Exception <a 'sun/nio/fs/WindowsException'> (0x00000000e8e28b60) thrown at [D:\src\AOSP-openjdk-cygwin\jdk8u\hotspot\src\share\vm\prims\jni.cpp, line 709]
Event: 6.215 Thread 0x000000001b0a6800 Exception <a 'sun/nio/fs/WindowsException'> (0x00000000e8e29a20) thrown at [D:\src\AOSP-openjdk-cygwin\jdk8u\hotspot\src\share\vm\prims\jni.cpp, line 709]
Event: 6.273 Thread 0x000000001b0a6800 Exception <a 'java/lang/NoSuchMethodError': java.lang.Object.lambda$comparing$77a9974f$1(Ljava/util/function/Function;Ljava/lang/Object;Ljava/lang/Object;)I> (0x00000000e8fe0488) thrown at [D:\src\AOSP-openjdk-cygwin\jdk8u\hotspot\src\share\vm\interpreter
Event: 6.273 Thread 0x000000001b0a6800 Exception <a 'java/lang/NoSuchMethodError': java.lang.Object.lambda$thenComparing$36697e65$1(Ljava/util/Comparator;Ljava/lang/Object;Ljava/lang/Object;)I> (0x00000000e8febd28) thrown at [D:\src\AOSP-openjdk-cygwin\jdk8u\hotspot\src\share\vm\interpreter\li
Event: 6.294 Thread 0x000000001b0a6800 Exception <a 'java/lang/NoSuchMethodError': java.lang.Object.lambda$maxBy$1(Ljava/util/Comparator;Ljava/lang/Object;Ljava/lang/Object;)Ljava/lang/Object;> (0x00000000e915ac00) thrown at [D:\src\AOSP-openjdk-cygwin\jdk8u\hotspot\src\share\vm\interpreter\li
Event: 6.406 Thread 0x000000001b0a6800 Exception <a 'java/lang/ClassNotFoundException': org/gradle/api/plugins/BasePluginConventionBeanInfo> (0x00000000e044b5d0) thrown at [D:\src\AOSP-openjdk-cygwin\jdk8u\hotspot\src\share\vm\classfile\systemDictionary.cpp, line 210]
Event: 6.407 Thread 0x000000001b0a6800 Exception <a 'java/lang/ClassNotFoundException': org/gradle/api/plugins/BasePluginConventionCustomizer> (0x00000000e0472548) thrown at [D:\src\AOSP-openjdk-cygwin\jdk8u\hotspot\src\share\vm\classfile\systemDictionary.cpp, line 210]

Events (10 events):
Event: 6.870 loading class com/android/build/gradle/internal/api/BaseVariantImpl
Event: 6.870 loading class com/android/build/gradle/internal/api/BaseVariantImpl done
Event: 6.871 loading class com/android/build/gradle/internal/api/TestVariantImpl
Event: 6.871 loading class com/android/build/gradle/internal/api/TestVariantImpl done
Event: 6.871 loading class com/android/build/gradle/internal/api/ApkVariantImpl
Event: 6.871 loading class com/android/build/gradle/internal/api/ApkVariantImpl done
Event: 6.872 loading class com/android/build/gradle/internal/api/InstallableVariantImpl
Event: 6.872 loading class com/android/build/gradle/internal/api/InstallableVariantImpl done
Event: 6.872 loading class com/android/build/gradle/internal/api/AndroidArtifactVariantImpl
Event: 6.872 loading class com/android/build/gradle/internal/api/AndroidArtifactVariantImpl done


Dynamic libraries:
0x00007ff668c80000 - 0x00007ff668cb1000 	C:\Program Files\Android\Android Studio\jre\bin\java.exe
0x00007ffb193c0000 - 0x00007ffb195b0000 	C:\WINDOWS\SYSTEM32\ntdll.dll
0x00007ffb17470000 - 0x00007ffb17522000 	C:\WINDOWS\System32\KERNEL32.DLL
0x00007ffb16420000 - 0x00007ffb166c3000 	C:\WINDOWS\System32\KERNELBASE.dll
0x00007ffb18a30000 - 0x00007ffb18ad3000 	C:\WINDOWS\System32\ADVAPI32.dll
0x00007ffb18470000 - 0x00007ffb1850e000 	C:\WINDOWS\System32\msvcrt.dll
0x00007ffb17d70000 - 0x00007ffb17e07000 	C:\WINDOWS\System32\sechost.dll
0x00007ffb18280000 - 0x00007ffb183a0000 	C:\WINDOWS\System32\RPCRT4.dll
0x00007ffb19030000 - 0x00007ffb191c4000 	C:\WINDOWS\System32\USER32.dll
0x00007ffb17420000 - 0x00007ffb17441000 	C:\WINDOWS\System32\win32u.dll
0x00007ffb17d00000 - 0x00007ffb17d26000 	C:\WINDOWS\System32\GDI32.dll
0x00007ffb166d0000 - 0x00007ffb16864000 	C:\WINDOWS\System32\gdi32full.dll
0x00007ffb169c0000 - 0x00007ffb16a5e000 	C:\WINDOWS\System32\msvcp_win.dll
0x00007ffb16b10000 - 0x00007ffb16c0a000 	C:\WINDOWS\System32\ucrtbase.dll
0x00007ffb04750000 - 0x00007ffb049d5000 	C:\WINDOWS\WinSxS\amd64_microsoft.windows.common-controls_6595b64144ccf1df_6.0.18362.657_none_e6c5b579130e3898\COMCTL32.dll
0x00007ffb18cf0000 - 0x00007ffb19026000 	C:\WINDOWS\System32\combase.dll
0x00007ffb16350000 - 0x00007ffb163d0000 	C:\WINDOWS\System32\bcryptPrimitives.dll
0x00007ffb17d30000 - 0x00007ffb17d5e000 	C:\WINDOWS\System32\IMM32.DLL
0x00000000745f0000 - 0x00000000746c2000 	C:\Program Files\Android\Android Studio\jre\jre\bin\msvcr100.dll
0x0000000075430000 - 0x0000000075c71000 	C:\Program Files\Android\Android Studio\jre\jre\bin\server\jvm.dll
0x00007ffb17d60000 - 0x00007ffb17d68000 	C:\WINDOWS\System32\PSAPI.DLL
0x00007ffb11100000 - 0x00007ffb11124000 	C:\WINDOWS\SYSTEM32\WINMM.dll
0x00007ffb06ea0000 - 0x00007ffb06ea9000 	C:\WINDOWS\SYSTEM32\WSOCK32.dll
0x00007ffb14bc0000 - 0x00007ffb14bca000 	C:\WINDOWS\SYSTEM32\VERSION.dll
0x00007ffb18400000 - 0x00007ffb1846f000 	C:\WINDOWS\System32\WS2_32.dll
0x00007ffb110d0000 - 0x00007ffb110fd000 	C:\WINDOWS\SYSTEM32\WINMMBASE.dll
0x00007ffb163d0000 - 0x00007ffb1641a000 	C:\WINDOWS\System32\cfgmgr32.dll
0x00007ffb06d70000 - 0x00007ffb06d7f000 	C:\Program Files\Android\Android Studio\jre\jre\bin\verify.dll
0x00007ffaf8f60000 - 0x00007ffaf8f89000 	C:\Program Files\Android\Android Studio\jre\jre\bin\java.dll
0x00007ffafec30000 - 0x00007ffafec46000 	C:\Program Files\Android\Android Studio\jre\jre\bin\zip.dll
0x00007ffb175b0000 - 0x00007ffb17c95000 	C:\WINDOWS\System32\SHELL32.dll
0x00007ffb18b70000 - 0x00007ffb18c19000 	C:\WINDOWS\System32\shcore.dll
0x00007ffb16c40000 - 0x00007ffb173bf000 	C:\WINDOWS\System32\windows.storage.dll
0x00007ffb16310000 - 0x00007ffb1632f000 	C:\WINDOWS\System32\profapi.dll
0x00007ffb162c0000 - 0x00007ffb1630a000 	C:\WINDOWS\System32\powrprof.dll
0x00007ffb16290000 - 0x00007ffb162a0000 	C:\WINDOWS\System32\UMPDC.dll
0x00007ffb17ca0000 - 0x00007ffb17cf2000 	C:\WINDOWS\System32\shlwapi.dll
0x00007ffb16330000 - 0x00007ffb16341000 	C:\WINDOWS\System32\kernel.appcore.dll
0x00007ffb17450000 - 0x00007ffb17467000 	C:\WINDOWS\System32\cryptsp.dll
0x00007ffafe3b0000 - 0x00007ffafe3ca000 	C:\Program Files\Android\Android Studio\jre\jre\bin\net.dll
0x00007ffb15ab0000 - 0x00007ffb15b17000 	C:\WINDOWS\system32\mswsock.dll
0x00007ffafcb80000 - 0x00007ffafcb91000 	C:\Program Files\Android\Android Studio\jre\jre\bin\nio.dll
0x00007ffafc930000 - 0x00007ffafc94e000 	C:\Users\12\.gradle\native\25\windows-amd64\native-platform.dll
0x00007ffb03f50000 - 0x00007ffb03f5d000 	C:\Program Files\Android\Android Studio\jre\jre\bin\management.dll
0x00007ffb15630000 - 0x00007ffb15663000 	C:\WINDOWS\system32\rsaenh.dll
0x00007ffb16c10000 - 0x00007ffb16c36000 	C:\WINDOWS\System32\bcrypt.dll
0x00007ffb161b0000 - 0x00007ffb161d5000 	C:\WINDOWS\SYSTEM32\USERENV.dll
0x00007ffb15c30000 - 0x00007ffb15c3c000 	C:\WINDOWS\SYSTEM32\CRYPTBASE.dll
0x00007ffb157d0000 - 0x00007ffb1580a000 	C:\WINDOWS\SYSTEM32\IPHLPAPI.DLL
0x00007ffb18b00000 - 0x00007ffb18b08000 	C:\WINDOWS\System32\NSI.dll
0x00007ffb0e920000 - 0x00007ffb0e936000 	C:\WINDOWS\SYSTEM32\dhcpcsvc6.DLL
0x00007ffb0e900000 - 0x00007ffb0e91c000 	C:\WINDOWS\SYSTEM32\dhcpcsvc.DLL
0x00007ffb15810000 - 0x00007ffb158da000 	C:\WINDOWS\SYSTEM32\DNSAPI.dll

VM Arguments:
jvm_args: -Xmx1536m -Dfile.encoding=windows-1252 -Duser.country=FR -Duser.language=fr -Duser.variant 
java_command: org.gradle.launcher.daemon.bootstrap.GradleDaemon 4.10.1
java_class_path (initial): C:\Users\12\.gradle\wrapper\dists\gradle-4.10.1-all\455itskqi2qtf0v2sja68alqd\gradle-4.10.1\lib\gradle-launcher-4.10.1.jar
Launcher Type: SUN_STANDARD

Environment Variables:
PATH=C:\Program Files (x86)\Common Files\Oracle\Java\javapath;C:\WINDOWS\system32;C:\WINDOWS;C:\WINDOWS\System32\Wbem;C:\WINDOWS\System32\WindowsPowerShell\v1.0\;C:\WINDOWS\System32\OpenSSH\;C:\Program Files\dotnet\;C:\xampp\php;C:\composer;C:\Program Files\nodejs\;C:\Program Files\Git\cmd;C:\Program Files\Git\mingw64\bin;C:\Program Files\Git\usr\bin;C:\HashiCorp\Vagrant\bin;C:\Program Files\Docker\Docker\resources\bin;C:\ProgramData\DockerDesktop\version-bin;C:\Users\12\AppData\Local\Microsoft\WindowsApps;C:\Users\12\AppData\Roaming\Composer\vendor\bin;C:\Users\12\AppData\Local\Programs\Microsoft VS Code\bin;C:\Users\12\AppData\Roaming\npm;C:\Users\12\flutter\bin;C:\Program Files\heroku\bin;C:\Users\12\AppData\Local\GitHubDesktop\bin;C:\Users\12\AppData\Local\Programs\MiKTeX 2.9\miktex\bin\x64\;%USERPROFILE%\AppData\Local\Microsoft\WindowsApps;
USERNAME=12
OS=Windows_NT
PROCESSOR_IDENTIFIER=Intel64 Family 6 Model 60 Stepping 3, GenuineIntel



---------------  S Y S T E M  ---------------

OS: Windows 10.0 , 64 bit Build 18362 (10.0.18362.329)

CPU:total 8 (initial active 8) (4 cores per cpu, 2 threads per core) family 6 model 60 stepping 3, cmov, cx8, fxsr, mmx, sse, sse2, sse3, ssse3, sse4.1, sse4.2, popcnt, avx, avx2, aes, clmul, erms, lzcnt, ht, tsc, tscinvbit, bmi1, bmi2

Memory: 4k page, physical 16376940k(3785524k free), swap 19448940k(5696k free)

vm_info: OpenJDK 64-Bit Server VM (25.152-b01) for windows-amd64 JRE (1.8.0_152-release-1248-b01), built by "builder" with MS VC++ 10.0 (VS2010)

time: Fri Mar 20 14:17:13 2020
elapsed time: 6 seconds (0d 0h 0m 6s)

