#
# There is insufficient memory for the Java Runtime Environment to continue.
# Native memory allocation (malloc) failed to allocate 1138336 bytes for Chunk::new
# Possible reasons:
#   The system is out of physical RAM or swap space
#   In 32 bit mode, the process size limit was hit
# Possible solutions:
#   Reduce memory load on the system
#   Increase physical memory or swap space
#   Check if swap backing store is full
#   Use 64 bit Java on a 64 bit OS
#   Decrease Java heap size (-Xmx/-Xms)
#   Decrease number of Java threads
#   Decrease Java thread stack sizes (-Xss)
#   Set larger code cache with -XX:ReservedCodeCacheSize=
# This output file may be truncated or incomplete.
#
#  Out of Memory Error (allocation.cpp:390), pid=17212, tid=0x00000000000016f4
#
# JRE version: OpenJDK Runtime Environment (8.0_152-b01) (build 1.8.0_152-release-1248-b01)
# Java VM: OpenJDK 64-Bit Server VM (25.152-b01 mixed mode windows-amd64 compressed oops)
# Failed to write core dump. Minidumps are not enabled by default on client versions of Windows
#

---------------  T H R E A D  ---------------

Current thread (0x0000000018af9000):  JavaThread "C2 CompilerThread2" daemon [_thread_in_native, id=5876, stack(0x00000000194f0000,0x00000000195f0000)]

Stack: [0x00000000194f0000,0x00000000195f0000]
[error occurred during error reporting (printing stack bounds), id 0xc0000005]

Native frames: (J=compiled Java code, j=interpreted, Vv=VM code, C=native code)


Current CompileTask:
C2:   2921 1379       4       java.net.URLClassLoader$1::run (5 bytes)


---------------  P R O C E S S  ---------------

Java Threads: ( => current thread )
  0x000000001aa10800 JavaThread "File lock request listener" [_thread_in_native, id=20764, stack(0x000000001d440000,0x000000001d540000)]
  0x000000001c5d6800 JavaThread "Cache worker for file hash cache (C:\Users\12\.gradle\caches\4.10.1\fileHashes)" [_thread_blocked, id=21872, stack(0x000000001d340000,0x000000001d440000)]
  0x000000001ac0e800 JavaThread "Stdin handler" [_thread_blocked, id=23304, stack(0x000000001c070000,0x000000001c170000)]
  0x000000001ac18800 JavaThread "Asynchronous log dispatcher for DefaultDaemonConnection: socket connection from /127.0.0.1:56873 to /127.0.0.1:56874" [_thread_blocked, id=20772, stack(0x000000001bf70000,0x000000001c070000)]
  0x000000001ac17000 JavaThread "Daemon worker" [_thread_in_native, id=21272, stack(0x000000001be70000,0x000000001bf70000)]
  0x000000001abfe800 JavaThread "Cancel handler" [_thread_blocked, id=16008, stack(0x000000001bd70000,0x000000001be70000)]
  0x000000001abee800 JavaThread "Handler for socket connection from /127.0.0.1:56873 to /127.0.0.1:56874" [_thread_in_native, id=13620, stack(0x000000001ba70000,0x000000001bb70000)]
  0x000000001ab34800 JavaThread "Daemon" [_thread_blocked, id=10428, stack(0x000000001b970000,0x000000001ba70000)]
  0x000000001ab26800 JavaThread "Daemon periodic checks" [_thread_blocked, id=23104, stack(0x000000001b870000,0x000000001b970000)]
  0x000000001ab11800 JavaThread "Incoming local TCP Connector on port 56873" [_thread_in_native, id=18040, stack(0x000000001b600000,0x000000001b700000)]
  0x0000000018b89800 JavaThread "Service Thread" daemon [_thread_blocked, id=17316, stack(0x00000000196f0000,0x00000000197f0000)]
  0x0000000018b1d000 JavaThread "C1 CompilerThread3" daemon [_thread_blocked, id=16052, stack(0x00000000195f0000,0x00000000196f0000)]
=>0x0000000018af9000 JavaThread "C2 CompilerThread2" daemon [_thread_in_native, id=5876, stack(0x00000000194f0000,0x00000000195f0000)]
  0x0000000018aed000 JavaThread "C2 CompilerThread1" daemon [_thread_blocked, id=3728, stack(0x00000000193f0000,0x00000000194f0000)]
  0x0000000018aea800 JavaThread "C2 CompilerThread0" daemon [_thread_blocked, id=22868, stack(0x00000000192f0000,0x00000000193f0000)]
  0x0000000018ae7000 JavaThread "Attach Listener" daemon [_thread_blocked, id=17340, stack(0x00000000191f0000,0x00000000192f0000)]
  0x0000000018ae6000 JavaThread "Signal Dispatcher" daemon [_thread_blocked, id=8348, stack(0x00000000190f0000,0x00000000191f0000)]
  0x0000000016bd2000 JavaThread "Finalizer" daemon [_thread_blocked, id=4248, stack(0x0000000018ec0000,0x0000000018fc0000)]
  0x0000000002e07000 JavaThread "Reference Handler" daemon [_thread_blocked, id=6408, stack(0x00000000189c0000,0x0000000018ac0000)]
  0x000000000145e000 JavaThread "main" [_thread_blocked, id=11680, stack(0x0000000002c10000,0x0000000002d10000)]

Other Threads:
  0x0000000016bc7800 VMThread [stack: 0x00000000188c0000,0x00000000189c0000] [id=6388]
  0x0000000018b5c800 WatcherThread [stack: 0x00000000197f0000,0x00000000198f0000] [id=22940]

VM state:not at safepoint (normal execution)

VM Mutex/Monitor currently owned by a thread: None

Heap:
 PSYoungGen      total 74752K, used 58640K [0x00000000e0000000, 0x00000000e5300000, 0x0000000100000000)
  eden space 64512K, 79% used [0x00000000e0000000,0x00000000e3262d18,0x00000000e3f00000)
  from space 10240K, 68% used [0x00000000e3f00000,0x00000000e45e1350,0x00000000e4900000)
  to   space 10240K, 0% used [0x00000000e4900000,0x00000000e4900000,0x00000000e5300000)
 ParOldGen       total 171008K, used 16K [0x00000000a0000000, 0x00000000aa700000, 0x00000000e0000000)
  object space 171008K, 0% used [0x00000000a0000000,0x00000000a0004000,0x00000000aa700000)
 Metaspace       used 14755K, capacity 15158K, committed 15360K, reserved 1062912K
  class space    used 2091K, capacity 2267K, committed 2304K, reserved 1048576K

Card table byte_map: [0x00000000121d0000,0x00000000124e0000] byte_map_base: 0x0000000011cd0000

Marking Bits: (ParMarkBitMap*) 0x0000000075bf5aa0
 Begin Bits: [0x0000000012ee0000, 0x00000000146e0000)
 End Bits:   [0x00000000146e0000, 0x0000000015ee0000)

Polling page: 0x0000000000f50000

CodeCache: size=245760Kb used=4950Kb max_used=4950Kb free=240809Kb
 bounds [0x0000000002e10000, 0x00000000032f0000, 0x0000000011e10000]
 total_blobs=1802 nmethods=1429 adapters=287
 compilation: enabled

Compilation events (10 events):
Event: 2.902 Thread 0x0000000018b1d000 1427       3       org.gradle.internal.file.FilePathUtil::sizeOfCommonPrefix (142 bytes)
Event: 2.902 Thread 0x0000000018aed000 1428       4       java.util.ArrayList$Itr::hasNext (20 bytes)
Event: 2.902 Thread 0x0000000018aed000 nmethod 1428 0x00000000032e4810 code [0x00000000032e4940, 0x00000000032e49d8]
Event: 2.903 Thread 0x0000000018b1d000 nmethod 1427 0x00000000032e2810 code [0x00000000032e2a80, 0x00000000032e3ea8]
Event: 2.903 Thread 0x0000000018b1d000 1430       3       org.gradle.internal.file.DefaultFileHierarchySet$Node::sizeOfCommonPrefix (10 bytes)
Event: 2.903 Thread 0x0000000018b1d000 nmethod 1430 0x00000000032e23d0 code [0x00000000032e2540, 0x00000000032e2728]
Event: 2.903 Thread 0x0000000018b1d000 1429       3       java.util.AbstractCollection::isEmpty (13 bytes)
Event: 2.903 Thread 0x0000000018b1d000 nmethod 1429 0x00000000032e1f50 code [0x00000000032e20c0, 0x00000000032e2328]
Event: 2.914 Thread 0x0000000018b1d000 1431   !   3       java.lang.StringCoding::decode (120 bytes)
Event: 2.915 Thread 0x0000000018b1d000 nmethod 1431 0x00000000032e4a90 code [0x00000000032e4dc0, 0x00000000032e67f8]

GC Heap History (2 events):
Event: 1.040 GC heap before
{Heap before GC invocations=1 (full 0):
 PSYoungGen      total 74752K, used 64512K [0x00000000e0000000, 0x00000000e5300000, 0x0000000100000000)
  eden space 64512K, 100% used [0x00000000e0000000,0x00000000e3f00000,0x00000000e3f00000)
  from space 10240K, 0% used [0x00000000e4900000,0x00000000e4900000,0x00000000e5300000)
  to   space 10240K, 0% used [0x00000000e3f00000,0x00000000e3f00000,0x00000000e4900000)
 ParOldGen       total 171008K, used 0K [0x00000000a0000000, 0x00000000aa700000, 0x00000000e0000000)
  object space 171008K, 0% used [0x00000000a0000000,0x00000000a0000000,0x00000000aa700000)
 Metaspace       used 9066K, capacity 9320K, committed 9600K, reserved 1056768K
  class space    used 1208K, capacity 1296K, committed 1408K, reserved 1048576K
Event: 1.047 GC heap after
Heap after GC invocations=1 (full 0):
 PSYoungGen      total 74752K, used 7044K [0x00000000e0000000, 0x00000000e5300000, 0x0000000100000000)
  eden space 64512K, 0% used [0x00000000e0000000,0x00000000e0000000,0x00000000e3f00000)
  from space 10240K, 68% used [0x00000000e3f00000,0x00000000e45e1350,0x00000000e4900000)
  to   space 10240K, 0% used [0x00000000e4900000,0x00000000e4900000,0x00000000e5300000)
 ParOldGen       total 171008K, used 16K [0x00000000a0000000, 0x00000000aa700000, 0x00000000e0000000)
  object space 171008K, 0% used [0x00000000a0000000,0x00000000a0004000,0x00000000aa700000)
 Metaspace       used 9066K, capacity 9320K, committed 9600K, reserved 1056768K
  class space    used 1208K, capacity 1296K, committed 1408K, reserved 1048576K
}

Deoptimization events (10 events):
Event: 1.407 Thread 0x000000000145e000 Uncommon trap: reason=unstable_if action=reinterpret pc=0x000000000314c9ac method=java.io.WinNTFileSystem.normalize(Ljava/lang/String;II)Ljava/lang/String; @ 90
Event: 2.563 Thread 0x000000001abee800 Uncommon trap: reason=unstable_if action=reinterpret pc=0x0000000003218f30 method=java.util.concurrent.ConcurrentHashMap.putVal(Ljava/lang/Object;Ljava/lang/Object;Z)Ljava/lang/Object; @ 206
Event: 2.609 Thread 0x000000001ac17000 Uncommon trap: reason=bimorphic action=maybe_recompile pc=0x00000000030940c0 method=java.util.HashMap.putVal(ILjava/lang/Object;Ljava/lang/Object;ZZ)Ljava/lang/Object; @ 253
Event: 2.610 Thread 0x000000001ac17000 Uncommon trap: reason=bimorphic action=maybe_recompile pc=0x00000000030940c0 method=java.util.HashMap.putVal(ILjava/lang/Object;Ljava/lang/Object;ZZ)Ljava/lang/Object; @ 253
Event: 2.610 Thread 0x000000001ac17000 Uncommon trap: reason=bimorphic action=maybe_recompile pc=0x00000000030940c0 method=java.util.HashMap.putVal(ILjava/lang/Object;Ljava/lang/Object;ZZ)Ljava/lang/Object; @ 253
Event: 2.610 Thread 0x000000001ac17000 Uncommon trap: reason=bimorphic action=maybe_recompile pc=0x000000000308f3a4 method=java.util.HashMap.putVal(ILjava/lang/Object;Ljava/lang/Object;ZZ)Ljava/lang/Object; @ 253
Event: 2.844 Thread 0x000000001ac17000 Uncommon trap: reason=class_check action=maybe_recompile pc=0x00000000030bd684 method=java.util.regex.Matcher.match(II)Z @ 86
Event: 2.854 Thread 0x000000001ac17000 Uncommon trap: reason=class_check action=maybe_recompile pc=0x00000000030bd684 method=java.util.regex.Matcher.match(II)Z @ 86
Event: 2.854 Thread 0x000000001ac17000 Uncommon trap: reason=class_check action=maybe_recompile pc=0x00000000030bd684 method=java.util.regex.Matcher.match(II)Z @ 86
Event: 2.854 Thread 0x000000001ac17000 Uncommon trap: reason=class_check action=maybe_recompile pc=0x000000000308a65c method=java.util.regex.Matcher.match(II)Z @ 86

Classes redefined (0 events):
No events

Internal exceptions (10 events):
Event: 2.566 Thread 0x000000001abee800 Exception <a 'java/lang/NoSuchMethodError': <clinit>> (0x00000000e099cf00) thrown at [D:\src\AOSP-openjdk-cygwin\jdk8u\hotspot\src\share\vm\prims\jni.cpp, line 1613]
Event: 2.566 Thread 0x000000001abee800 Exception <a 'java/lang/NoSuchMethodError': <clinit>> (0x00000000e09a64e0) thrown at [D:\src\AOSP-openjdk-cygwin\jdk8u\hotspot\src\share\vm\prims\jni.cpp, line 1613]
Event: 2.569 Thread 0x000000001abee800 Exception <a 'java/lang/NoSuchMethodError': <clinit>> (0x00000000e09cd378) thrown at [D:\src\AOSP-openjdk-cygwin\jdk8u\hotspot\src\share\vm\prims\jni.cpp, line 1613]
Event: 2.570 Thread 0x000000001abee800 Exception <a 'java/lang/NoSuchMethodError': <clinit>> (0x00000000e09e5108) thrown at [D:\src\AOSP-openjdk-cygwin\jdk8u\hotspot\src\share\vm\prims\jni.cpp, line 1613]
Event: 2.571 Thread 0x000000001abee800 Exception <a 'java/lang/NoSuchMethodError': <clinit>> (0x00000000e09edbd0) thrown at [D:\src\AOSP-openjdk-cygwin\jdk8u\hotspot\src\share\vm\prims\jni.cpp, line 1613]
Event: 2.572 Thread 0x000000001abee800 Exception <a 'java/lang/NoSuchMethodError': <clinit>> (0x00000000e0a03ae8) thrown at [D:\src\AOSP-openjdk-cygwin\jdk8u\hotspot\src\share\vm\prims\jni.cpp, line 1613]
Event: 2.580 Thread 0x000000001abee800 Exception <a 'java/lang/NoSuchMethodError': <clinit>> (0x00000000e0a617d8) thrown at [D:\src\AOSP-openjdk-cygwin\jdk8u\hotspot\src\share\vm\prims\jni.cpp, line 1613]
Event: 2.583 Thread 0x000000001abee800 Exception <a 'java/lang/NoSuchMethodError': <clinit>> (0x00000000e0a8d3c0) thrown at [D:\src\AOSP-openjdk-cygwin\jdk8u\hotspot\src\share\vm\prims\jni.cpp, line 1613]
Event: 2.588 Thread 0x000000001abee800 Exception <a 'java/lang/NoSuchMethodError': <clinit>> (0x00000000e0abba68) thrown at [D:\src\AOSP-openjdk-cygwin\jdk8u\hotspot\src\share\vm\prims\jni.cpp, line 1613]
Event: 2.589 Thread 0x000000001abee800 Exception <a 'java/lang/NoSuchMethodError': <clinit>> (0x00000000e0ac6e08) thrown at [D:\src\AOSP-openjdk-cygwin\jdk8u\hotspot\src\share\vm\prims\jni.cpp, line 1613]

Events (10 events):
Event: 2.919 loading class org/apache/tools/ant/types/resources/FileProvider
Event: 2.919 loading class org/apache/tools/ant/types/resources/FileProvider done
Event: 2.919 loading class org/apache/tools/ant/types/resources/Appendable
Event: 2.919 loading class org/apache/tools/ant/types/resources/Appendable done
Event: 2.919 loading class org/apache/tools/ant/taskdefs/condition/Os
Event: 2.919 loading class org/apache/tools/ant/taskdefs/condition/Os done
Event: 2.919 loading class org/apache/tools/ant/taskdefs/condition/Condition
Event: 2.919 loading class org/apache/tools/ant/taskdefs/condition/Condition done
Event: 2.920 loading class org/apache/tools/ant/util/FileUtils
Event: 2.920 loading class org/apache/tools/ant/util/FileUtils done


Dynamic libraries:
0x00007ff668c80000 - 0x00007ff668cb1000 	C:\Program Files\Android\Android Studio\jre\bin\java.exe
0x00007ffb193c0000 - 0x00007ffb195b0000 	C:\WINDOWS\SYSTEM32\ntdll.dll
0x00007ffb17470000 - 0x00007ffb17522000 	C:\WINDOWS\System32\KERNEL32.DLL
0x00007ffb16420000 - 0x00007ffb166c3000 	C:\WINDOWS\System32\KERNELBASE.dll
0x00007ffb18a30000 - 0x00007ffb18ad3000 	C:\WINDOWS\System32\ADVAPI32.dll
0x00007ffb18470000 - 0x00007ffb1850e000 	C:\WINDOWS\System32\msvcrt.dll
0x00007ffb17d70000 - 0x00007ffb17e07000 	C:\WINDOWS\System32\sechost.dll
0x00007ffb18280000 - 0x00007ffb183a0000 	C:\WINDOWS\System32\RPCRT4.dll
0x00007ffb19030000 - 0x00007ffb191c4000 	C:\WINDOWS\System32\USER32.dll
0x00007ffb17420000 - 0x00007ffb17441000 	C:\WINDOWS\System32\win32u.dll
0x00007ffb17d00000 - 0x00007ffb17d26000 	C:\WINDOWS\System32\GDI32.dll
0x00007ffb166d0000 - 0x00007ffb16864000 	C:\WINDOWS\System32\gdi32full.dll
0x00007ffb169c0000 - 0x00007ffb16a5e000 	C:\WINDOWS\System32\msvcp_win.dll
0x00007ffb16b10000 - 0x00007ffb16c0a000 	C:\WINDOWS\System32\ucrtbase.dll
0x00007ffb04750000 - 0x00007ffb049d5000 	C:\WINDOWS\WinSxS\amd64_microsoft.windows.common-controls_6595b64144ccf1df_6.0.18362.657_none_e6c5b579130e3898\COMCTL32.dll
0x00007ffb18cf0000 - 0x00007ffb19026000 	C:\WINDOWS\System32\combase.dll
0x00007ffb16350000 - 0x00007ffb163d0000 	C:\WINDOWS\System32\bcryptPrimitives.dll
0x00007ffb17d30000 - 0x00007ffb17d5e000 	C:\WINDOWS\System32\IMM32.DLL
0x00000000745d0000 - 0x00000000746a2000 	C:\Program Files\Android\Android Studio\jre\jre\bin\msvcr100.dll
0x0000000075430000 - 0x0000000075c71000 	C:\Program Files\Android\Android Studio\jre\jre\bin\server\jvm.dll
0x00007ffb17d60000 - 0x00007ffb17d68000 	C:\WINDOWS\System32\PSAPI.DLL
0x00007ffb14bc0000 - 0x00007ffb14bca000 	C:\WINDOWS\SYSTEM32\VERSION.dll
0x00007ffb11100000 - 0x00007ffb11124000 	C:\WINDOWS\SYSTEM32\WINMM.dll
0x00007ffb06ea0000 - 0x00007ffb06ea9000 	C:\WINDOWS\SYSTEM32\WSOCK32.dll
0x00007ffb18400000 - 0x00007ffb1846f000 	C:\WINDOWS\System32\WS2_32.dll
0x00007ffb110d0000 - 0x00007ffb110fd000 	C:\WINDOWS\SYSTEM32\winmmbase.dll
0x00007ffb163d0000 - 0x00007ffb1641a000 	C:\WINDOWS\System32\cfgmgr32.dll
0x00007ffb06d70000 - 0x00007ffb06d7f000 	C:\Program Files\Android\Android Studio\jre\jre\bin\verify.dll
0x00007ffaf8f60000 - 0x00007ffaf8f89000 	C:\Program Files\Android\Android Studio\jre\jre\bin\java.dll
0x00007ffafec30000 - 0x00007ffafec46000 	C:\Program Files\Android\Android Studio\jre\jre\bin\zip.dll
0x00007ffb175b0000 - 0x00007ffb17c95000 	C:\WINDOWS\System32\SHELL32.dll
0x00007ffb18b70000 - 0x00007ffb18c19000 	C:\WINDOWS\System32\shcore.dll
0x00007ffb16c40000 - 0x00007ffb173bf000 	C:\WINDOWS\System32\windows.storage.dll
0x00007ffb16310000 - 0x00007ffb1632f000 	C:\WINDOWS\System32\profapi.dll
0x00007ffb162c0000 - 0x00007ffb1630a000 	C:\WINDOWS\System32\powrprof.dll
0x00007ffb16290000 - 0x00007ffb162a0000 	C:\WINDOWS\System32\UMPDC.dll
0x00007ffb17ca0000 - 0x00007ffb17cf2000 	C:\WINDOWS\System32\shlwapi.dll
0x00007ffb16330000 - 0x00007ffb16341000 	C:\WINDOWS\System32\kernel.appcore.dll
0x00007ffb17450000 - 0x00007ffb17467000 	C:\WINDOWS\System32\cryptsp.dll
0x00007ffafe3b0000 - 0x00007ffafe3ca000 	C:\Program Files\Android\Android Studio\jre\jre\bin\net.dll
0x00007ffb15ab0000 - 0x00007ffb15b17000 	C:\WINDOWS\system32\mswsock.dll
0x00007ffafcb80000 - 0x00007ffafcb91000 	C:\Program Files\Android\Android Studio\jre\jre\bin\nio.dll
0x00007ffafc930000 - 0x00007ffafc94e000 	C:\Users\12\.gradle\native\25\windows-amd64\native-platform.dll
0x00007ffb03f50000 - 0x00007ffb03f5d000 	C:\Program Files\Android\Android Studio\jre\jre\bin\management.dll
0x00007ffb15630000 - 0x00007ffb15663000 	C:\WINDOWS\system32\rsaenh.dll
0x00007ffb16c10000 - 0x00007ffb16c36000 	C:\WINDOWS\System32\bcrypt.dll
0x00007ffb161b0000 - 0x00007ffb161d5000 	C:\WINDOWS\SYSTEM32\USERENV.dll
0x00007ffb15c30000 - 0x00007ffb15c3c000 	C:\WINDOWS\SYSTEM32\CRYPTBASE.dll
0x00007ffb157d0000 - 0x00007ffb1580a000 	C:\WINDOWS\SYSTEM32\IPHLPAPI.DLL
0x00007ffb18b00000 - 0x00007ffb18b08000 	C:\WINDOWS\System32\NSI.dll
0x00007ffb0e920000 - 0x00007ffb0e936000 	C:\WINDOWS\SYSTEM32\dhcpcsvc6.DLL
0x00007ffb0e900000 - 0x00007ffb0e91c000 	C:\WINDOWS\SYSTEM32\dhcpcsvc.DLL
0x00007ffb15810000 - 0x00007ffb158da000 	C:\WINDOWS\SYSTEM32\DNSAPI.dll

VM Arguments:
jvm_args: -Xmx1536m -Dfile.encoding=windows-1252 -Duser.country=FR -Duser.language=fr -Duser.variant 
java_command: org.gradle.launcher.daemon.bootstrap.GradleDaemon 4.10.1
java_class_path (initial): C:\Users\12\.gradle\wrapper\dists\gradle-4.10.1-all\455itskqi2qtf0v2sja68alqd\gradle-4.10.1\lib\gradle-launcher-4.10.1.jar
Launcher Type: SUN_STANDARD

Environment Variables:
PATH=C:\Program Files (x86)\Common Files\Oracle\Java\javapath;C:\WINDOWS\system32;C:\WINDOWS;C:\WINDOWS\System32\Wbem;C:\WINDOWS\System32\WindowsPowerShell\v1.0\;C:\WINDOWS\System32\OpenSSH\;C:\Program Files\dotnet\;C:\xampp\php;C:\composer;C:\Program Files\nodejs\;C:\Program Files\Git\cmd;C:\Program Files\Git\mingw64\bin;C:\Program Files\Git\usr\bin;C:\HashiCorp\Vagrant\bin;C:\Program Files\Docker\Docker\resources\bin;C:\ProgramData\DockerDesktop\version-bin;C:\Users\12\AppData\Local\Microsoft\WindowsApps;C:\Users\12\AppData\Roaming\Composer\vendor\bin;C:\Users\12\AppData\Local\Programs\Microsoft VS Code\bin;C:\Users\12\AppData\Roaming\npm;C:\Users\12\flutter\bin;C:\Program Files\heroku\bin;C:\Users\12\AppData\Local\GitHubDesktop\bin;C:\Users\12\AppData\Local\Programs\MiKTeX 2.9\miktex\bin\x64\;%USERPROFILE%\AppData\Local\Microsoft\WindowsApps;
USERNAME=12
OS=Windows_NT
PROCESSOR_IDENTIFIER=Intel64 Family 6 Model 60 Stepping 3, GenuineIntel



---------------  S Y S T E M  ---------------

OS: Windows 10.0 , 64 bit Build 18362 (10.0.18362.329)

CPU:total 8 (initial active 8) (4 cores per cpu, 2 threads per core) family 6 model 60 stepping 3, cmov, cx8, fxsr, mmx, sse, sse2, sse3, ssse3, sse4.1, sse4.2, popcnt, avx, avx2, aes, clmul, erms, lzcnt, ht, tsc, tscinvbit, bmi1, bmi2

Memory: 4k page, physical 16376940k(3588008k free), swap 19448940k(6016k free)

vm_info: OpenJDK 64-Bit Server VM (25.152-b01) for windows-amd64 JRE (1.8.0_152-release-1248-b01), built by "builder" with MS VC++ 10.0 (VS2010)

time: Fri Mar 20 14:21:22 2020
elapsed time: 2 seconds (0d 0h 0m 2s)

