JvmtiExport can_access_local_variables 0
JvmtiExport can_hotswap_or_post_breakpoint 0
JvmtiExport can_post_on_exceptions 0
# 116 ciObject found
ciMethod java/lang/Object <init> ()V 4097 1 370944 0 0
ciMethod java/lang/String charAt (I)C 4097 1 1309778 0 128
ciMethodData java/lang/Object <init> ()V 2 370944 orig 264 56 173 157 117 0 0 0 0 128 4 124 21 0 0 0 0 32 1 0 0 0 0 0 0 0 0 0 0 0 0 0 0 0 0 0 0 0 0 0 0 0 0 0 0 0 0 0 0 0 0 0 0 0 0 0 0 0 0 0 0 0 0 0 0 0 0 0 0 0 0 0 0 0 0 0 0 0 0 0 0 77 68 79 32 101 120 116 114 97 32 100 97 116 97 32 108 111 99 107 0 0 0 0 0 0 0 0 0 0 0 0 0 0 0 0 0 0 0 0 0 0 0 0 0 0 0 0 0 0 0 0 0 0 0 0 0 0 0 0 0 0 0 0 0 0 0 0 0 0 0 0 0 0 0 0 0 0 0 0 0 0 0 0 0 0 0 0 0 0 0 0 0 0 0 0 0 0 0 0 0 0 0 0 0 1 0 0 0 0 0 0 0 1 0 0 0 0 0 0 0 1 0 0 0 0 0 0 0 0 0 0 0 0 0 0 0 0 2 0 0 1 56 45 0 1 0 0 0 0 0 0 0 0 0 0 0 2 0 0 0 0 0 3 0 1 0 0 0 0 0 0 0 255 255 255 255 0 0 0 0 0 0 0 0 data 0 oops 0
ciMethodData java/lang/String charAt (I)C 2 1309778 orig 264 56 173 157 117 0 0 0 0 176 61 124 21 0 0 0 0 120 1 0 0 32 0 0 0 0 0 0 0 0 0 0 0 0 0 0 0 0 0 0 0 0 0 0 0 0 0 0 0 0 0 0 0 0 0 0 0 0 0 0 0 0 0 0 0 0 0 0 0 0 0 0 0 0 0 0 0 0 0 0 0 77 68 79 32 101 120 116 114 97 32 100 97 116 97 32 108 111 99 107 0 0 0 0 0 0 0 0 0 0 0 0 0 0 0 0 0 0 0 0 0 0 0 0 0 0 0 0 0 0 0 0 0 0 0 0 0 0 0 0 0 0 0 0 0 0 0 0 0 0 0 0 0 0 0 0 0 0 0 0 0 0 0 0 1 0 0 0 0 0 0 0 0 0 0 0 0 0 0 0 0 0 0 0 0 25 0 0 0 0 0 0 0 0 0 0 0 0 0 0 0 1 0 0 0 0 0 0 0 0 0 0 0 0 0 0 0 0 2 0 0 145 210 159 0 1 0 0 0 0 0 0 0 0 0 0 0 2 0 0 0 0 0 8 0 2 0 0 0 80 0 0 0 255 255 255 255 7 0 1 0 0 0 0 0 data 10 0x10007 0x0 0x40 0x13fa55 0xa0007 0x13fa59 0x30 0x0 0x120002 0x0 oops 0
ciMethod org/objectweb/asm/Type <init> (ILjava/lang/String;II)V 2201 1 1948 0 0
ciMethod org/objectweb/asm/Type getArgumentTypes (Ljava/lang/String;)[Lorg/objectweb/asm/Type; 1057 34145 902 0 -1
ciMethod org/objectweb/asm/Type getType (Ljava/lang/String;II)Lorg/objectweb/asm/Type; 2297 1 1934 0 0
ciMethodData org/objectweb/asm/Type <init> (ILjava/lang/String;II)V 2 1948 orig 264 56 173 157 117 0 0 0 0 232 235 211 21 0 0 0 0 80 1 0 0 0 0 0 0 0 0 0 0 0 0 0 0 0 0 0 0 0 0 0 0 0 0 0 0 0 0 0 0 0 0 0 0 0 0 0 0 0 0 0 0 0 0 0 0 0 0 0 0 0 0 0 0 0 0 0 0 0 0 0 0 77 68 79 32 101 120 116 114 97 32 100 97 116 97 32 108 111 99 107 0 0 0 0 0 0 0 0 0 0 0 0 0 0 0 0 0 0 0 0 0 0 0 0 0 0 0 0 0 0 0 0 0 0 0 0 0 0 0 0 0 0 0 0 0 0 0 0 0 0 0 0 0 0 0 0 0 0 0 0 0 0 0 0 0 0 0 0 0 0 0 0 0 0 0 0 0 0 0 0 0 0 0 0 0 0 0 0 0 0 0 0 0 0 0 0 0 0 0 0 0 0 0 0 0 0 0 0 0 0 0 0 0 0 0 0 0 19 1 0 0 73 52 0 0 1 0 0 0 0 0 0 0 0 0 0 0 2 0 0 0 0 0 3 0 2 0 0 0 16 0 0 0 255 255 255 255 2 0 1 0 0 0 0 0 data 2 0x10002 0x689 oops 0
ciMethodData org/objectweb/asm/Type getArgumentTypes (Ljava/lang/String;)[Lorg/objectweb/asm/Type; 2 37538 orig 264 56 173 157 117 0 0 0 0 184 242 211 21 0 0 0 0 152 4 0 0 112 1 0 0 0 0 0 0 0 0 0 0 0 0 0 0 0 0 0 0 0 0 0 0 0 0 0 0 0 0 0 0 0 0 0 0 0 0 0 0 0 0 0 0 0 0 0 0 0 0 0 0 0 0 0 0 0 0 0 0 77 68 79 32 101 120 116 114 97 32 100 97 116 97 32 108 111 99 107 0 0 0 0 0 0 0 0 0 0 0 0 0 0 0 0 0 0 0 0 0 0 0 0 0 0 0 0 0 0 0 0 0 0 0 0 0 0 0 0 0 0 0 0 0 0 0 0 0 0 0 0 0 0 0 0 0 0 0 0 0 0 0 0 0 0 0 0 0 0 0 0 0 0 0 0 0 0 0 0 0 0 0 0 0 0 0 0 0 0 0 0 0 0 0 0 0 0 0 0 0 0 0 0 0 0 0 0 0 0 0 0 0 0 0 0 0 172 16 0 0 25 24 0 0 177 15 4 0 0 0 0 0 0 0 0 0 2 0 0 0 6 0 75 0 2 0 0 0 80 3 0 0 255 255 255 255 5 0 6 0 0 0 0 0 data 106 0x60005 0xc 0x22f9f50 0x551 0x0 0x0 0xb0007 0x303 0x158 0x25a 0x100005 0x7 0x22f9f50 0x255 0x0 0x0 0x150007 0x25a 0x38 0x2 0x1b0003 0x2 0xffffffffffffffb0 0x230005 0x7 0x22f9f50 0x253 0x0 0x0 0x280007 0x1b 0x88 0x23f 0x300005 0x10e 0x22f9f50 0x3fd0 0x0 0x0 0x350007 0x23f 0x38 0x3e9f 0x380003 0x3e9f 0xffffffffffffffb0 0x3e0003 0x25a 0xfffffffffffffe90 0x4d0005 0xc 0x22f9f50 0x551 0x0 0x0 0x520007 0x303 0x198 0x25a 0x5a0005 0x7 0x22f9f50 0x255 0x0 0x0 0x5f0007 0x25a 0x38 0x2 0x650003 0x2 0xffffffffffffffb0 0x6d0005 0x7 0x22f9f50 0x253 0x0 0x0 0x720007 0x1b 0x88 0x23f 0x7a0005 0x10e 0x22f9f50 0x3fd0 0x0 0x0 0x7f0007 0x23f 0x38 0x3e9f 0x820003 0x3e9f 0xffffffffffffffb0 0x8f0002 0x25a 0x920004 0x0 0x1eedc1d0 0x25a 0x0 0x0 0x930003 0x25a 0xfffffffffffffe50 oops 9 2 java/lang/String 12 java/lang/String 25 java/lang/String 35 java/lang/String 51 java/lang/String 61 java/lang/String 74 java/lang/String 84 java/lang/String 99 org/objectweb/asm/Type
ciMethodData org/objectweb/asm/Type getType (Ljava/lang/String;II)Lorg/objectweb/asm/Type; 2 1934 orig 264 56 173 157 117 0 0 0 0 64 248 211 21 0 0 0 0 168 2 0 0 48 1 0 0 0 0 0 0 0 0 0 0 0 0 0 0 0 0 0 0 0 0 0 0 0 0 0 0 0 0 0 0 0 0 0 0 0 0 0 0 0 0 0 0 0 0 0 0 0 0 0 0 0 0 0 0 0 0 0 0 77 68 79 32 101 120 116 114 97 32 100 97 116 97 32 108 111 99 107 0 0 0 0 0 0 0 0 0 0 0 0 0 0 0 0 0 0 0 0 0 0 0 0 0 0 0 0 0 0 0 0 0 0 0 0 0 0 0 0 0 0 0 0 0 0 0 0 0 0 0 0 0 0 0 0 0 0 0 0 0 0 0 0 0 0 0 0 0 0 0 0 0 0 0 0 0 0 0 0 0 0 0 0 0 0 0 0 0 0 0 0 0 0 0 0 0 0 0 0 0 0 0 0 0 0 0 0 0 0 0 0 0 0 0 0 0 31 1 0 0 121 51 0 0 1 0 0 0 0 0 0 0 0 0 0 0 2 0 0 0 0 0 22 0 2 0 0 0 80 1 0 0 255 255 255 255 5 0 2 0 0 0 0 0 data 42 0x20005 0x88 0x22f9f50 0x5e7 0x0 0x0 0x50008 0x1a 0x0 0x110 0x0 0x100 0x0 0xe0 0x0 0xe0 0x0 0xe0 0x0 0xe0 0x0 0xe0 0x0 0xe0 0x88 0xf0 0x0 0xe0 0x0 0xe0 0x0 0xe0 0x0 0xe0 0x9d0002 0x6 0xae0002 0x64e 0xbb0002 0x0 0xc30002 0x0 oops 1 2 java/lang/String
instanceKlass org/gradle/api/internal/changedetection/state/EnumValueSnapshot
instanceKlass org/gradle/api/internal/changedetection/state/ManagedNamedTypeSnapshot
instanceKlass org/gradle/api/internal/DefaultActionConfiguration
instanceKlass org/gradle/api/plugins/JavaBasePlugin$3
instanceKlass org/gradle/api/internal/attributes/DefaultCompatibilityRuleChain$ExceptionHandler
instanceKlass org/gradle/internal/action/DefaultConfigurableRules
instanceKlass org/gradle/api/artifacts/CacheableRule
instanceKlass org/gradle/api/internal/changedetection/state/ArrayValueSnapshot
instanceKlass org/gradle/internal/action/DefaultConfigurableRule
instanceKlass org/gradle/api/plugins/JavaBasePlugin$14
instanceKlass org/gradle/api/plugins/JavaBasePlugin$13
instanceKlass org/gradle/api/plugins/JavaBasePlugin$15
instanceKlass org/gradle/api/reporting/Reporting
instanceKlass org/gradle/api/tasks/VerificationTask
instanceKlass org/gradle/api/plugins/JavaBasePlugin$12
instanceKlass org/gradle/api/plugins/JavaBasePlugin$11
instanceKlass org/gradle/api/plugins/JavaBasePlugin$4
instanceKlass org/gradle/api/plugins/internal/DefaultJavaPluginExtension
instanceKlass org/gradle/api/plugins/JavaPluginExtension
instanceKlass org/gradle/api/internal/tasks/DefaultSourceSetContainer$1
instanceKlass org/gradle/api/tasks/SourceSet
instanceKlass org/gradle/api/internal/file/DefaultSourceDirectorySetFactory
instanceKlass org/gradle/api/tasks/SourceSetContainer
instanceKlass org/gradle/api/java/archives/Manifest
instanceKlass org/gradle/api/plugins/JavaPluginConvention
instanceKlass org/gradle/api/plugins/JavaBasePlugin$1
instanceKlass org/gradle/api/reporting/ReportingExtension
instanceKlass org/gradle/api/plugins/ReportingBasePlugin
instanceKlass org/gradle/api/plugins/BasePlugin$5
instanceKlass org/gradle/api/plugins/BasePlugin$4$1
instanceKlass org/gradle/api/plugins/BasePlugin$4
instanceKlass org/gradle/api/internal/plugins/DefaultArtifactPublicationSet
instanceKlass org/gradle/internal/Actions$FilteredAction
instanceKlass org/gradle/api/plugins/BasePlugin$2
instanceKlass org/gradle/api/internal/tasks/RealizableTaskCollection
instanceKlass org/gradle/api/internal/artifacts/ivyservice/projectmodule/ProjectPublication
instanceKlass org/gradle/api/plugins/BasePlugin$3
instanceKlass org/gradle/internal/service/scopes/ProjectScopeServices$3
instanceKlass org/gradle/api/internal/plugins/AbstractRule
instanceKlass org/gradle/api/plugins/BasePluginConvention
instanceKlass org/gradle/api/plugins/BasePlugin$1
instanceKlass org/gradle/language/base/plugins/LifecycleBasePlugin$6
instanceKlass org/gradle/language/base/plugins/LifecycleBasePlugin$5
instanceKlass org/gradle/language/base/plugins/LifecycleBasePlugin$4
instanceKlass org/gradle/language/base/internal/plugins/CleanRule
instanceKlass org/gradle/language/base/plugins/LifecycleBasePlugin$3
instanceKlass org/gradle/api/internal/tasks/DefaultTaskContainer$3
instanceKlass org/gradle/language/base/plugins/LifecycleBasePlugin$2
instanceKlass org/gradle/internal/cleanup/DefaultBuildOutputCleanupRegistry
instanceKlass org/gradle/language/base/plugins/LifecycleBasePlugin$1
instanceKlass org/gradle/language/base/plugins/LifecycleBasePlugin
instanceKlass org/gradle/api/plugins/BasePlugin
instanceKlass org/gradle/api/plugins/JavaBasePlugin$UsageDisambiguationRules
instanceKlass org/gradle/api/attributes/AttributeDisambiguationRule
instanceKlass org/gradle/api/plugins/JavaBasePlugin$UsageCompatibilityRules
instanceKlass org/gradle/api/attributes/AttributeCompatibilityRule
instanceKlass org/gradle/api/plugins/JavaBasePlugin
instanceKlass com/android/build/gradle/internal/utils/GradlePluginUtils$enforceMinimumVersionsOfPlugins$1
instanceKlass com/android/build/gradle/internal/utils/DependencyInfo
instanceKlass com/android/build/gradle/internal/utils/GradlePluginUtils
instanceKlass com/android/build/gradle/internal/errors/SyncIssueKey
instanceKlass com/android/build/gradle/internal/errors/SyncIssueHandlerImplKt
instanceKlass com/android/build/gradle/internal/errors/SyncIssueHandlerImpl$WhenMappings
instanceKlass com/android/build/gradle/internal/ide/SyncIssueImpl
instanceKlass com/android/builder/model/SyncIssue
instanceKlass com/android/builder/errors/EvalIssueReporter$DefaultImpls
instanceKlass com/android/build/gradle/internal/errors/SyncIssueHandler$DefaultImpls
instanceKlass com/android/build/gradle/options/ProjectOptions$$Lambda$43
instanceKlass android/databinding/tool/util/Preconditions
instanceKlass android/databinding/tool/writer/JavaFileWriter
instanceKlass android/databinding/tool/DataBindingBuilder
instanceKlass com/android/ide/common/process/ProcessInfo
instanceKlass com/android/build/gradle/internal/process/GradleJavaProcessExecutor
instanceKlass com/android/ide/common/process/ProcessResult
instanceKlass com/android/build/gradle/internal/process/GradleProcessExecutor
instanceKlass com/android/repository/Revision
instanceKlass com/android/builder/core/AndroidBuilder
instanceKlass sun/nio/fs/WindowsChannelFactory$Flags
instanceKlass sun/nio/fs/WindowsChannelFactory$1
instanceKlass sun/nio/fs/WindowsChannelFactory
instanceKlass com/android/prefs/AndroidLocation
instanceKlass com/android/sdklib/repository/legacy/remote/internal/DownloadCache
instanceKlass com/android/build/gradle/BasePlugin$2
instanceKlass com/android/repository/io/impl/FileSystemFileOp
instanceKlass com/android/repository/io/FileOp
instanceKlass com/android/repository/io/FileOpUtils
instanceKlass com/android/sdklib/repository/legacy/LegacyDownloader
instanceKlass com/android/repository/impl/downloader/LocalFileAwareDownloader
instanceKlass com/android/build/gradle/internal/ndk/NdkInfo
instanceKlass com/android/build/gradle/internal/ndk/NdkHandler
instanceKlass com/android/utils/Pair
instanceKlass com/google/common/io/Closeables
instanceKlass com/android/builder/sdk/SdkLibData
instanceKlass com/android/repository/api/ProgressIndicator
instanceKlass com/android/build/gradle/internal/SdkHandler
instanceKlass com/android/ide/common/blame/Message
instanceKlass com/android/ide/common/blame/SourceFilePosition
instanceKlass com/android/ide/common/blame/SourcePosition
instanceKlass com/google/gson/internal/bind/TypeAdapters$31
instanceKlass com/google/gson/InstanceCreator
instanceKlass com/google/gson/JsonDeserializer
instanceKlass com/google/gson/JsonSerializer
instanceKlass com/android/ide/common/blame/SourceFile
instanceKlass com/android/ide/common/blame/Message$Kind$Companion
instanceKlass com/google/common/collect/ForwardingObject
instanceKlass com/android/build/gradle/internal/errors/MessageReceiverImpl
instanceKlass kotlin/collections/EmptySet
instanceKlass com/android/build/gradle/internal/errors/DeprecationReporterImpl$Companion
instanceKlass com/android/build/gradle/internal/errors/DeprecationReporterImpl
instanceKlass com/android/build/gradle/options/SyncOptions
instanceKlass com/android/build/gradle/internal/errors/SyncIssueHandlerImpl
instanceKlass com/google/common/collect/Platform
instanceKlass com/google/common/collect/Multiset
instanceKlass com/google/common/collect/AbstractMultimap
instanceKlass com/android/builder/model/Dependencies
instanceKlass com/android/builder/model/level2/DependencyGraphs
instanceKlass com/android/build/gradle/internal/errors/DeprecationReporter
instanceKlass com/android/build/gradle/internal/errors/SyncIssueHandler
instanceKlass com/google/common/collect/ListMultimap
instanceKlass com/google/common/collect/Multimap
instanceKlass com/android/build/gradle/internal/ExtraModelInfo
instanceKlass com/google/wireless/android/sdk/stats/GradleTransformExecutionOrBuilder
instanceKlass com/google/wireless/android/sdk/stats/GradleTaskExecutionOrBuilder
instanceKlass com/android/build/gradle/BasePlugin$$Lambda$42
instanceKlass com/android/builder/profile/Recorder$VoidBlock
instanceKlass java/lang/invoke/LambdaForm$DMH
instanceKlass com/google/wireless/android/sdk/stats/GradleBuildProfileSpan$ExecutionType$1
instanceKlass com/android/build/gradle/internal/api/artifact/BuildableArtifactImpl$Companion
instanceKlass com/android/build/gradle/internal/api/artifact/BuildableArtifactImpl
instanceKlass com/android/build/api/artifact/BuildableArtifact
instanceKlass kotlin/jvm/internal/markers/KMappedMarker
instanceKlass com/android/tools/build/gradle/internal/profile/IntegerOption$1
instanceKlass com/android/build/gradle/internal/profile/AnalyticsUtil$$Lambda$41
instanceKlass com/android/build/gradle/internal/profile/AnalyticsUtil$$Lambda$40
instanceKlass com/android/tools/build/gradle/internal/profile/BooleanOption$1
instanceKlass com/android/build/gradle/internal/profile/AnalyticsUtil$$Lambda$39
instanceKlass java/lang/invoke/LambdaForm$DMH
instanceKlass com/google/wireless/android/sdk/stats/GradleIntegerOptionEntryOrBuilder
instanceKlass com/android/build/gradle/internal/profile/AnalyticsUtil
instanceKlass com/google/wireless/android/sdk/stats/GradleBuildProject$PluginGeneration$1
instanceKlass com/google/wireless/android/sdk/stats/GradleBuildProject$PluginType$1
instanceKlass com/google/wireless/android/sdk/stats/GradleBuildVariantOrBuilder
instanceKlass com/google/wireless/android/sdk/stats/GradleBuildProject$1
instanceKlass com/google/wireless/android/sdk/stats/GradleProjectOptionsSettingsOrBuilder
instanceKlass com/google/wireless/android/sdk/stats/GradleBuildProjectMetricsOrBuilder
instanceKlass com/google/wireless/android/sdk/stats/GradleBuildSplitsOrBuilder
instanceKlass com/google/protobuf/Internal$ListAdapter$Converter
instanceKlass com/google/common/collect/Maps$EntryTransformer
instanceKlass com/google/common/base/Converter
instanceKlass com/google/common/collect/SortedMapDifference
instanceKlass com/google/common/collect/MapDifference
instanceKlass com/google/common/collect/Maps
instanceKlass com/google/common/cache/LocalCache$StrongValueReference
instanceKlass com/google/common/util/concurrent/AbstractFuture$Failure
instanceKlass com/google/common/util/concurrent/AbstractFuture$Cancellation
instanceKlass com/google/common/util/concurrent/AbstractFuture$SetFuture
instanceKlass com/google/common/util/concurrent/Uninterruptibles
instanceKlass com/android/builder/profile/NameAnonymizer$Project
instanceKlass com/android/builder/profile/ProcessProfileWriter$Project
instanceKlass com/google/common/cache/LocalCache$AbstractReferenceEntry
instanceKlass com/google/common/base/Stopwatch
instanceKlass com/google/common/util/concurrent/AbstractFuture$Waiter
instanceKlass com/google/common/util/concurrent/AbstractFuture$Listener
instanceKlass com/google/common/util/concurrent/AbstractFuture$UnsafeAtomicHelper$1
instanceKlass com/google/common/util/concurrent/AbstractFuture$AtomicHelper
instanceKlass com/google/common/util/concurrent/GwtFluentFutureCatchingSpecialization
instanceKlass com/google/common/util/concurrent/ListenableFuture
instanceKlass com/google/common/cache/LocalCache$LoadingValueReference
instanceKlass java/util/concurrent/ForkJoinPool$1
instanceKlass java/util/concurrent/ForkJoinPool$DefaultForkJoinWorkerThreadFactory
instanceKlass java/util/concurrent/ForkJoinTask
instanceKlass java/util/concurrent/ForkJoinPool$WorkQueue
instanceKlass java/util/concurrent/ForkJoinPool$ForkJoinWorkerThreadFactory
instanceKlass com/android/build/gradle/internal/tasks/Workers
instanceKlass com/android/builder/profile/ThreadRecorder$$Lambda$38
instanceKlass java/lang/invoke/LambdaForm$DMH
instanceKlass com/android/builder/profile/ThreadRecorder$$Lambda$37
instanceKlass com/android/builder/profile/NoOpRecorder
instanceKlass com/android/builder/profile/ThreadRecorder
instanceKlass com/android/builder/profile/Recorder
instanceKlass com/android/build/gradle/internal/profile/RecordingBuildListener
instanceKlass com/google/common/hash/HashCode
instanceKlass java/time/LocalDate$1
instanceKlass java/time/temporal/TemporalQueries$$Lambda$36
instanceKlass java/time/temporal/TemporalQueries$$Lambda$35
instanceKlass java/time/temporal/TemporalQueries$$Lambda$34
instanceKlass java/time/temporal/TemporalQueries$$Lambda$33
instanceKlass java/time/temporal/TemporalQueries$$Lambda$32
instanceKlass java/time/temporal/TemporalQueries$$Lambda$31
instanceKlass java/time/temporal/TemporalQueries$$Lambda$30
instanceKlass java/time/temporal/TemporalQueries
instanceKlass java/time/LocalTime
instanceKlass java/time/LocalDateTime
instanceKlass java/time/zone/ZoneOffsetTransitionRule
instanceKlass java/time/zone/ZoneRules
instanceKlass java/time/ZonedDateTime
instanceKlass com/google/common/hash/AbstractHasher
instanceKlass com/google/common/hash/Hasher
instanceKlass com/google/common/hash/PrimitiveSink
instanceKlass com/google/common/hash/AbstractHashFunction
instanceKlass com/google/common/hash/Hashing$Sha256Holder
instanceKlass java/security/Key
instanceKlass com/google/common/hash/HashFunction
instanceKlass com/google/common/hash/Hashing
instanceKlass com/google/common/base/Charsets
instanceKlass com/android/tools/analytics/Anonymizer
instanceKlass com/google/protobuf/PrimitiveNonBoxingCollection
instanceKlass com/google/protobuf/CodedInputStream
instanceKlass com/google/protobuf/Internal
instanceKlass com/android/tools/analytics/CommonMetricsData$GarbageCollectionStatsDiffs
instanceKlass com/google/wireless/android/sdk/stats/GarbageCollectionStatsOrBuilder
instanceKlass com/android/tools/analytics/StubbableLazy
instanceKlass com/android/tools/analytics/HostDataKt
instanceKlass kotlin/reflect/KMutableProperty$Setter
instanceKlass com/android/tools/analytics/HostData
instanceKlass com/android/tools/analytics/CommonMetricsData
instanceKlass com/google/wireless/android/sdk/stats/JavaProcessStatsOrBuilder
instanceKlass com/google/wireless/android/sdk/stats/GradleBuildProfileSpanOrBuilder
instanceKlass com/google/wireless/android/sdk/stats/GradleBuildMemorySampleOrBuilder
instanceKlass com/google/wireless/android/sdk/stats/GradleBuildProjectOrBuilder
instanceKlass com/google/protobuf/MessageReflection$MergeTarget
instanceKlass com/google/protobuf/AbstractMessageLite$Builder
instanceKlass com/google/protobuf/Internal$ProtobufList
instanceKlass com/google/protobuf/ExtensionRegistry$ExtensionInfo
instanceKlass com/google/protobuf/Descriptors$GenericDescriptor
instanceKlass com/google/protobuf/FieldSet$FieldDescriptorLite
instanceKlass com/google/protobuf/ExtensionRegistryFactory
instanceKlass com/google/protobuf/ExtensionLite
instanceKlass com/google/protobuf/ExtensionRegistryLite
instanceKlass com/google/protobuf/AbstractParser
instanceKlass com/google/protobuf/UnknownFieldSet
instanceKlass com/google/wireless/android/sdk/stats/InstantRunStatusOrBuilder
instanceKlass com/google/protobuf/Message$Builder
instanceKlass com/google/protobuf/MessageLite$Builder
instanceKlass com/google/protobuf/Parser
instanceKlass com/google/protobuf/LazyStringList
instanceKlass com/google/protobuf/ProtocolStringList
instanceKlass com/google/protobuf/GeneratedMessageV3$BuilderParent
instanceKlass com/google/protobuf/AbstractMessage$BuilderParent
instanceKlass com/google/protobuf/AbstractMessageLite
instanceKlass com/google/protobuf/Message
instanceKlass com/google/protobuf/MessageLite
instanceKlass com/google/wireless/android/sdk/stats/GradleBuildProfileOrBuilder
instanceKlass com/google/protobuf/MessageOrBuilder
instanceKlass com/google/protobuf/MessageLiteOrBuilder
instanceKlass com/google/common/cache/RemovalListener
instanceKlass com/google/common/cache/Weigher
instanceKlass com/google/common/base/Equivalence
instanceKlass java/util/function/BiPredicate
instanceKlass com/google/common/base/MoreObjects
instanceKlass com/google/common/cache/LocalCache$1
instanceKlass com/google/common/cache/ReferenceEntry
instanceKlass com/google/common/cache/LocalCache$ValueReference
instanceKlass com/google/common/cache/LocalCache$LocalManualCache
instanceKlass com/google/common/cache/CacheBuilder$2
instanceKlass com/google/common/cache/CacheStats
instanceKlass com/google/common/base/Suppliers$SupplierOfInstance
instanceKlass com/google/common/base/Suppliers
instanceKlass com/google/common/cache/CacheBuilder$1
instanceKlass com/google/common/cache/AbstractCache$StatsCounter
instanceKlass com/google/common/cache/LoadingCache
instanceKlass com/google/common/base/Function
instanceKlass com/google/common/cache/Cache
instanceKlass com/google/common/base/Ticker
instanceKlass com/google/common/base/Supplier
instanceKlass com/google/common/cache/CacheBuilder
instanceKlass com/android/builder/profile/NameAnonymizer
instanceKlass com/google/common/cache/CacheLoader
instanceKlass com/android/builder/profile/ProcessProfileWriter
instanceKlass com/google/wireless/android/sdk/stats/AndroidStudioEvent$IdeBrand$1
instanceKlass com/google/protobuf/Internal$EnumLiteMap
instanceKlass com/google/protobuf/ProtocolMessageEnum
instanceKlass com/google/protobuf/Internal$EnumLite
instanceKlass com/android/tools/analytics/UsageTrackerWriter
instanceKlass com/android/tools/analytics/UsageTracker
instanceKlass kotlin/jdk7/AutoCloseableKt
instanceKlass kotlin/Unit
instanceKlass com/google/gson/internal/Primitives
instanceKlass com/google/gson/annotations/SerializedName
instanceKlass com/google/gson/internal/ConstructorConstructor$3
instanceKlass kotlin/annotation/Target
instanceKlass kotlin/annotation/Retention
instanceKlass kotlin/Metadata
instanceKlass com/google/gson/annotations/JsonAdapter
instanceKlass com/google/gson/internal/$Gson$Preconditions
instanceKlass com/google/gson/internal/JsonReaderInternalAccess
instanceKlass com/android/tools/analytics/AnalyticsSettingsData
instanceKlass com/google/gson/internal/bind/ReflectiveTypeAdapterFactory$BoundField
instanceKlass com/google/gson/internal/bind/ReflectiveTypeAdapterFactory
instanceKlass com/google/gson/internal/bind/JsonAdapterAnnotationTypeAdapterFactory
instanceKlass com/google/gson/internal/bind/MapTypeAdapterFactory
instanceKlass com/google/gson/internal/bind/CollectionTypeAdapterFactory
instanceKlass com/google/gson/internal/bind/ArrayTypeAdapter$1
instanceKlass com/google/gson/internal/bind/SqlDateTypeAdapter$1
instanceKlass com/google/gson/internal/bind/TimeTypeAdapter$1
instanceKlass com/google/gson/internal/bind/DateTypeAdapter$1
instanceKlass java/util/concurrent/atomic/AtomicLongArray
instanceKlass com/google/gson/internal/bind/ObjectTypeAdapter$1
instanceKlass com/google/gson/internal/bind/TypeAdapters$30
instanceKlass com/google/gson/internal/bind/TypeAdapters$34
instanceKlass com/google/gson/internal/bind/TypeAdapters$26
instanceKlass com/google/gson/internal/bind/TypeAdapters$35
instanceKlass java/util/concurrent/atomic/AtomicIntegerArray
instanceKlass com/google/gson/internal/bind/TypeAdapters$33
instanceKlass com/google/gson/internal/bind/TypeAdapters$32
instanceKlass com/google/gson/internal/bind/TypeAdapters
instanceKlass com/google/gson/internal/ObjectConstructor
instanceKlass com/google/gson/internal/ConstructorConstructor
instanceKlass com/google/gson/internal/$Gson$Types
instanceKlass com/google/gson/stream/JsonWriter
instanceKlass com/google/gson/stream/JsonReader
instanceKlass com/google/gson/reflect/TypeToken
instanceKlass com/google/gson/Gson
instanceKlass com/google/gson/JsonElement
instanceKlass com/google/gson/TypeAdapter
instanceKlass com/google/gson/internal/Excluder
instanceKlass com/google/gson/TypeAdapterFactory
instanceKlass com/google/gson/FieldNamingStrategy
instanceKlass com/google/gson/GsonBuilder
instanceKlass java/nio/channels/Channels
instanceKlass java/nio/file/Paths
instanceKlass com/google/common/base/Platform$JdkPatternCompiler
instanceKlass com/google/common/base/PatternCompiler
instanceKlass com/google/common/base/Platform
instanceKlass com/google/common/base/Strings
instanceKlass com/android/tools/analytics/Environment$Companion
instanceKlass com/android/tools/analytics/Environment
instanceKlass com/android/tools/analytics/AnalyticsPaths
instanceKlass java/time/LocalDate
instanceKlass com/android/utils/DateProvider$1
instanceKlass com/android/utils/DateProvider
instanceKlass com/android/tools/analytics/AnalyticsSettings
instanceKlass java/util/concurrent/Executors$DefaultThreadFactory
instanceKlass com/android/builder/profile/ProcessProfileWriterFactory
instanceKlass java/time/format/DateTimeFormatterBuilder$WeekBasedFieldPrinterParser
instanceKlass java/time/format/DateTimeFormatter$$Lambda$29
instanceKlass java/time/format/DateTimeFormatter$$Lambda$28
instanceKlass java/time/format/DateTimeFormatterBuilder$TextPrinterParser
instanceKlass java/time/format/DateTimeTextProvider$1
instanceKlass java/time/format/DateTimeTextProvider
instanceKlass java/time/format/DateTimeTextProvider$LocaleStore
instanceKlass java/time/format/DateTimeFormatterBuilder$InstantPrinterParser
instanceKlass java/time/format/DateTimeFormatterBuilder$StringLiteralPrinterParser
instanceKlass java/time/format/DateTimeFormatterBuilder$ZoneIdPrinterParser
instanceKlass java/time/format/DateTimeFormatterBuilder$FractionPrinterParser
instanceKlass java/time/format/DateTimeFormatterBuilder$OffsetIdPrinterParser
instanceKlass java/time/format/DecimalStyle
instanceKlass java/time/format/DateTimeFormatterBuilder$CompositePrinterParser
instanceKlass java/time/chrono/AbstractChronology$$Lambda$27
instanceKlass java/time/chrono/ChronoZonedDateTime
instanceKlass java/time/chrono/AbstractChronology$$Lambda$26
instanceKlass java/time/chrono/ChronoLocalDateTime
instanceKlass java/time/chrono/AbstractChronology$$Lambda$25
instanceKlass java/lang/invoke/LambdaForm$BMH
instanceKlass java/lang/invoke/LambdaForm$MH
instanceKlass java/lang/invoke/LambdaForm$DMH
instanceKlass java/lang/invoke/LambdaForm$DMH
instanceKlass java/lang/invoke/LambdaForm$BMH
instanceKlass java/time/chrono/AbstractChronology
instanceKlass java/time/chrono/Chronology
instanceKlass java/time/format/DateTimeFormatterBuilder$CharLiteralPrinterParser
instanceKlass java/time/format/DateTimeFormatterBuilder$NumberPrinterParser
instanceKlass java/time/format/DateTimeFormatterBuilder$DateTimePrinterParser
instanceKlass java/time/format/DateTimeFormatterBuilder$2
instanceKlass java/time/temporal/IsoFields
instanceKlass java/time/temporal/ValueRange
instanceKlass java/time/temporal/TemporalField
instanceKlass java/time/format/DateTimeFormatterBuilder$$Lambda$24
instanceKlass java/time/temporal/TemporalQuery
instanceKlass java/lang/invoke/LambdaForm$DMH
instanceKlass java/time/format/DateTimeFormatterBuilder
instanceKlass java/time/format/DateTimeFormatter
instanceKlass com/android/builder/profile/ProfileRecordWriter
instanceKlass com/android/build/gradle/internal/profile/ProfilerInitializer
instanceKlass java/util/stream/ReduceOps$8ReducingSink
instanceKlass java/util/stream/Sink$OfLong
instanceKlass java/util/function/LongConsumer
instanceKlass java/util/stream/LongPipeline$$Lambda$23
instanceKlass java/util/function/LongBinaryOperator
instanceKlass java/lang/invoke/LambdaForm$DMH
instanceKlass java/util/stream/LongStream
instanceKlass java/util/stream/ReferencePipeline$$Lambda$22
instanceKlass java/util/stream/DistinctOps
instanceKlass com/android/build/gradle/internal/PluginInitializer$$Lambda$21
instanceKlass java/lang/invoke/LambdaForm$DMH
instanceKlass com/android/build/gradle/internal/BuildSessionImpl$1
instanceKlass com/android/build/gradle/internal/BuildSessionImpl$$Lambda$20
instanceKlass com/android/build/gradle/internal/BuildSessionImpl
instanceKlass com/android/build/gradle/internal/BuildSession
instanceKlass com/android/utils/JvmWideVariable$$Lambda$19
instanceKlass com/android/utils/JvmWideVariable$$Lambda$18
instanceKlass com/android/build/gradle/internal/PluginInitializer$$Lambda$17
instanceKlass com/google/common/base/Verify
instanceKlass sun/reflect/misc/Trampoline
instanceKlass sun/reflect/misc/MethodUtil$1
instanceKlass com/android/utils/JvmWideVariable$ValueWrapper
instanceKlass com/android/utils/JvmWideVariable$ValueWrapperMBean
instanceKlass java/util/stream/Sink$ChainedReference
instanceKlass java/util/stream/Collectors$$Lambda$16
instanceKlass java/util/stream/Collectors$$Lambda$15
instanceKlass java/util/stream/Collectors$$Lambda$14
